0,0,0,0,0,0,0,0,0,0,0,0,0,0,0,0,0,0,0,0,0,0,0,0,0,0,0,0,0,0,0,0,0,0,0,0,0,0,0,0,0
----------------(Separation Line)--------------------
0,0,0,0,1,1,0,0,0,0,0,0,1,1,0,0,1,0,1,1,0,1,1,1,0,1,1,0,0,0,1,0,0,1,0,0,0,0,0,0,1
----------------(Separation Line)--------------------
0,0,0,0,1,1,0,0,0,0,0,0,1,1,0,0,1,0,1,1,0,1,1,1,0,1,1,0,0,0,1,0,0,1,1,1,1,0,0,0,1
----------------(Separation Line)--------------------
0,1,0,1,1,0,1,0,0,1,0,0,1,0,0,0,1,0,1,1,0,1,1,1,0,1,1,0,1,0,1,0,0,0,1,0,0,0,1,1,1
----------------(Separation Line)--------------------
0,1,0,1,1,0,1,0,0,1,0,0,1,0,0,0,1,0,1,1,0,1,1,1,0,1,1,0,1,0,1,0,1,0,0,0,0,0,1,0,1
----------------(Separation Line)--------------------
0,1,0,1,1,0,1,0,1,1,1,0,0,0,1,0,1,0,0,1,0,1,0,1,0,1,1,0,1,0,1,0,1,0,1,1,0,1,0,1,1
----------------(Separation Line)--------------------
0,1,0,0,0,1,1,1,1,1,1,1,1,0,1,1,1,1,1,0,0,1,0,0,0,0,1,0,1,1,0,0,1,1,0,1,0,1,1,0,1
----------------(Separation Line)--------------------
0,1,1,1,1,1,0,1,0,0,1,0,1,0,1,1,0,1,1,1,0,1,0,1,0,0,1,1,0,1,0,1,0,0,1,1,1,1,0,0,1
----------------(Separation Line)--------------------
1,1,0,0,1,1,0,1,1,0,0,0,1,0,0,1,0,0,1,1,0,1,0,1,0,1,1,1,1,0,1,1,0,0,1,1,1,1,0,0,0
----------------(Separation Line)--------------------
1,1,0,0,1,1,0,1,1,0,0,0,1,0,0,1,0,0,1,0,0,1,0,1,0,0,1,0,0,1,1,1,0,0,0,1,1,0,1,0,0
----------------(Separation Line)--------------------
1,1,0,0,1,1,0,1,1,0,0,0,0,1,0,1,1,0,1,1,0,1,0,1,0,0,1,0,1,1,1,0,0,0,0,1,1,0,1,0,0
----------------(Separation Line)--------------------
0,0,1,0,1,1,0,0,0,1,1,0,0,1,0,1,0,1,1,1,1,0,0,0,0,0,0,0,0,1,1,1,1,1,0,0,1,0,0,0,1
----------------(Separation Line)--------------------
0,0,0,0,1,1,1,0,0,1,0,1,1,1,0,1,1,0,0,0,0,1,1,1,0,0,0,0,0,0,1,1,0,1,0,0,0,0,0,1,0
----------------(Separation Line)--------------------
1,1,0,0,1,1,1,0,1,1,0,1,1,1,1,1,0,0,1,1,1,0,1,1,0,1,1,0,0,1,0,1,0,1,1,0,1,0,0,0,0
----------------(Separation Line)--------------------
0,0,0,0,0,0,0,0,0,0,0,0,0,0,0,0,0,0,0,0,0,0,0,0,0,0,0,0,0,0,0,0,0,0,0,0,0,0,0,0,0
----------------(Separation Line)--------------------
0,0,0,0,0,0,0,0,0,0,0,0,0,0,0,0,0,0,0,0,0,0,0,0,0,0,0,0,0,0,0,0,0,0,0,0,0,0,0,0,0
----------------(Separation Line)--------------------
0,0,0,1,1,0,1,1,0,0,1,1,1,0,0,1,0,0,1,1,1,1,1,1,0,1,0,1,0,0,0,1,0,1,0,1,0,0,1,1,1
----------------(Separation Line)--------------------
0,0,0,1,1,0,1,1,0,0,1,1,1,0,0,1,0,0,1,1,1,1,1,1,0,1,0,1,0,0,0,1,1,1,0,1,0,0,0,1,1
----------------(Separation Line)--------------------
1,1,0,1,0,0,0,1,0,1,0,0,1,1,0,0,1,0,0,0,1,0,0,1,0,0,0,0,0,0,0,0,0,0,1,1,1,1,1,0,1
----------------(Separation Line)--------------------
1,0,0,0,0,1,0,1,1,0,1,0,1,0,0,0,1,1,0,0,1,1,0,1,1,0,0,0,0,1,1,0,1,1,0,1,1,0,1,0,1
----------------(Separation Line)--------------------
1,0,0,0,1,1,0,1,1,0,1,0,0,1,0,1,1,0,0,0,0,0,0,1,0,0,0,1,1,0,1,1,1,0,1,1,1,0,1,0,1
----------------(Separation Line)--------------------
0,0,1,0,0,1,0,0,0,1,0,0,1,0,1,1,1,1,1,0,0,1,1,1,1,1,1,1,0,0,1,1,0,0,0,0,0,1,1,1,0
----------------(Separation Line)--------------------
0,1,1,1,0,1,0,0,0,1,0,0,1,0,1,1,1,1,1,0,0,1,1,1,1,1,1,1,0,0,0,1,0,0,0,0,0,1,1,1,0
----------------(Separation Line)--------------------
1,1,0,1,1,1,0,0,0,0,0,0,0,0,1,1,1,1,0,0,1,1,1,0,1,0,1,1,0,0,0,1,1,0,1,1,1,1,0,1,0
----------------(Separation Line)--------------------
1,1,0,1,1,1,1,1,0,0,0,0,0,0,1,1,1,1,0,0,1,1,1,0,1,1,1,1,0,0,0,1,1,0,1,1,1,1,0,1,0
----------------(Separation Line)--------------------
1,0,1,1,0,0,1,0,0,1,0,0,0,1,1,1,1,0,1,1,0,1,0,0,0,1,0,1,1,1,0,1,1,1,1,1,1,1,1,1,0
----------------(Separation Line)--------------------
1,1,1,0,0,0,1,0,0,0,1,1,1,0,0,0,0,1,0,0,1,1,1,0,0,1,1,1,1,0,1,1,1,0,1,1,1,1,0,1,0
----------------(Separation Line)--------------------
1,0,1,0,0,1,1,0,0,1,0,1,1,1,0,1,0,1,0,0,1,1,1,0,0,1,1,1,1,0,1,1,1,0,1,1,1,1,0,1,0
----------------(Separation Line)--------------------
0,1,0,1,0,0,1,1,0,1,1,1,0,0,0,1,1,0,1,1,1,0,1,1,1,0,1,0,1,1,0,1,1,0,1,1,1,1,0,1,0
----------------(Separation Line)--------------------
0,0,0,0,0,0,0,0,0,0,0,0,0,0,0,0,0,0,0,0,0,0,0,0,0,0,0,0,0,0,0,0,0,0,0,0,0,0,0,0,0
----------------(Separation Line)--------------------
0,0,0,1,1,1,1,1,1,1,1,0,1,0,1,0,0,1,1,1,0,0,0,0,0,1,0,1,0,1,1,0,0,0,0,0,1,0,0,0,1
----------------(Separation Line)--------------------
0,0,0,1,1,1,1,1,1,1,1,0,1,0,1,0,0,1,1,1,0,0,0,0,0,1,0,1,0,1,1,0,1,0,0,0,1,0,0,1,1
----------------(Separation Line)--------------------
0,1,1,0,1,1,0,1,1,1,1,0,0,0,1,0,1,1,0,1,1,0,0,1,1,1,0,1,0,0,1,0,0,1,1,1,0,1,1,0,1
----------------(Separation Line)--------------------
0,1,1,0,1,1,0,1,1,1,1,0,0,0,1,0,1,1,0,1,0,1,0,1,0,0,0,1,1,1,1,0,0,1,1,1,0,1,1,0,1
----------------(Separation Line)--------------------
0,1,1,0,1,1,0,1,1,1,1,0,0,0,1,0,1,1,0,1,0,1,0,1,0,1,1,1,1,1,1,0,0,1,1,1,0,1,1,1,1
----------------(Separation Line)--------------------
0,1,1,0,1,1,0,1,1,1,1,0,0,0,1,0,1,1,0,1,0,1,0,1,0,1,1,1,1,1,1,0,0,1,1,1,0,1,0,1,1
----------------(Separation Line)--------------------
1,1,0,0,1,1,1,1,1,0,0,0,0,1,1,1,0,1,0,1,1,1,1,1,0,1,1,1,1,1,1,0,0,0,1,1,0,0,1,0,1
----------------(Separation Line)--------------------
0,1,0,0,1,1,1,1,1,0,0,0,0,1,1,1,0,1,0,1,1,1,1,1,0,1,1,1,0,1,0,0,0,1,1,1,0,0,1,0,1
----------------(Separation Line)--------------------
0,0,0,0,0,0,1,1,1,0,0,0,0,1,1,1,0,1,0,1,1,1,1,1,1,1,0,1,0,1,0,0,0,1,1,1,0,0,1,0,1
----------------(Separation Line)--------------------
0,0,0,0,0,0,1,1,1,0,0,0,0,1,1,1,0,1,0,1,0,1,1,0,0,1,1,1,0,1,1,0,0,1,1,1,0,0,0,1,0
----------------(Separation Line)--------------------
0,0,0,0,0,0,1,1,1,0,0,0,0,1,1,1,0,1,0,1,0,1,1,0,0,1,1,1,0,1,1,0,1,0,0,0,0,0,0,1,0
----------------(Separation Line)--------------------
0,0,0,0,0,0,1,1,1,0,0,0,0,1,1,1,0,1,0,0,1,1,0,0,1,1,0,1,0,1,1,0,1,1,0,0,0,1,1,1,1
----------------(Separation Line)--------------------
0,0,0,1,1,1,0,1,1,1,0,1,1,0,1,1,1,0,0,1,1,0,1,0,0,0,1,1,1,0,0,1,1,0,1,1,1,1,0,1,1
----------------(Separation Line)--------------------
0,0,0,1,1,1,0,1,1,1,0,1,1,0,1,1,1,0,0,1,1,0,1,0,0,0,1,1,1,0,0,1,1,0,1,1,0,0,1,0,1
----------------(Separation Line)--------------------
1,0,1,0,1,0,0,0,0,0,1,1,0,0,1,0,0,1,1,0,0,1,1,0,0,0,1,0,0,1,1,1,1,0,0,1,1,1,0,0,1
----------------(Separation Line)--------------------
0,0,0,0,0,0,1,0,0,0,0,1,1,0,0,0,0,0,1,1,1,1,0,0,1,0,0,0,0,1,0,0,0,0,0,1,1,1,1,0,1
----------------(Separation Line)--------------------
0,0,0,0,0,0,1,0,0,0,0,1,1,0,0,0,0,0,1,1,1,1,0,0,1,0,0,0,0,1,0,0,0,0,1,1,1,1,1,0,1
----------------(Separation Line)--------------------
1,0,1,1,0,1,0,0,0,0,0,0,0,0,0,0,1,1,0,0,0,1,1,0,0,0,0,0,1,1,1,1,1,0,0,0,0,1,1,0,1
----------------(Separation Line)--------------------
1,0,1,1,0,1,0,0,0,0,0,0,0,0,0,0,1,1,0,0,0,1,1,0,0,0,0,0,1,1,1,1,1,0,0,0,1,1,1,1,1
----------------(Separation Line)--------------------
1,0,1,0,1,1,0,0,0,0,1,1,0,1,0,1,1,0,0,0,1,0,1,1,1,0,0,0,1,0,1,0,0,1,0,1,1,1,0,1,1
----------------(Separation Line)--------------------
1,0,1,0,1,1,0,0,0,0,1,1,0,1,0,1,1,0,0,0,1,0,1,1,1,0,0,0,1,0,1,0,1,1,0,1,1,1,0,1,1
----------------(Separation Line)--------------------
1,0,1,0,1,1,0,0,0,0,1,1,0,1,0,1,1,0,0,0,1,0,1,1,1,0,0,0,1,0,1,0,0,1,0,1,0,0,0,1,1
----------------(Separation Line)--------------------
0,0,0,0,1,1,0,1,0,1,0,0,1,0,1,1,0,1,1,1,1,1,1,1,0,0,0,1,0,0,0,1,0,1,0,1,0,1,0,1,0
----------------(Separation Line)--------------------
0,0,0,0,1,1,0,1,0,1,0,0,1,1,1,0,0,1,1,1,1,1,1,1,0,0,0,1,0,0,0,1,0,0,0,0,1,1,0,0,1
----------------(Separation Line)--------------------
0,0,0,0,1,1,0,1,0,1,0,0,1,1,1,0,0,1,1,1,1,1,1,1,0,0,0,1,0,0,0,1,0,0,0,0,1,1,0,1,0
----------------(Separation Line)--------------------
0,1,1,0,1,1,0,1,0,0,1,0,0,1,0,1,0,1,1,1,0,1,1,1,0,0,1,0,1,1,0,0,0,0,0,0,1,1,0,0,0
----------------(Separation Line)--------------------
0,1,1,0,1,1,0,1,0,0,1,0,0,1,1,0,0,1,1,1,0,1,1,1,0,0,1,0,1,1,0,0,1,0,1,0,0,0,0,0,1
----------------(Separation Line)--------------------
0,1,1,1,1,0,0,0,0,0,1,0,0,1,1,0,1,1,1,0,0,1,1,1,0,0,1,0,1,1,1,1,1,1,0,0,1,1,1,0,1
----------------(Separation Line)--------------------
0,1,0,0,1,0,1,1,0,0,1,0,0,1,1,0,1,1,0,1,0,1,0,0,0,0,1,0,1,1,1,1,1,1,0,0,0,0,1,0,1
----------------(Separation Line)--------------------
0,1,0,0,1,1,0,1,0,1,0,0,0,1,1,0,0,1,1,1,1,1,1,0,1,1,1,0,0,0,1,1,0,1,0,0,0,1,1,0,1
----------------(Separation Line)--------------------
0,1,0,0,1,1,0,1,0,1,0,0,0,1,1,0,1,1,1,0,1,1,1,1,1,1,1,0,1,0,1,1,0,1,1,0,0,1,1,0,1
----------------(Separation Line)--------------------
1,0,1,0,1,1,0,1,1,1,0,0,1,0,1,1,0,0,0,0,0,1,0,0,0,1,0,0,1,0,1,1,0,0,1,0,1,0,1,0,1
----------------(Separation Line)--------------------
1,0,1,0,1,1,0,1,1,1,0,0,1,0,1,1,0,0,0,0,1,1,0,0,0,1,0,0,1,0,1,1,1,0,1,1,0,0,1,0,1
----------------(Separation Line)--------------------
1,0,0,0,1,1,1,0,0,0,0,1,0,0,1,0,0,0,0,1,1,1,0,0,0,0,1,0,1,1,1,1,0,1,0,1,1,1,0,1,1
----------------(Separation Line)--------------------
1,1,1,1,1,0,1,1,0,0,0,1,0,1,0,1,1,0,1,1,0,0,0,1,0,0,0,1,0,0,1,1,0,1,1,0,0,0,0,1,1
----------------(Separation Line)--------------------
1,1,1,1,1,0,1,1,0,0,0,1,0,1,0,1,1,0,1,1,0,0,0,1,0,0,0,1,0,0,1,1,0,1,1,0,0,1,0,1,1
----------------(Separation Line)--------------------
0,1,1,1,0,0,1,0,1,0,0,1,0,0,1,1,1,0,1,0,0,1,0,1,1,1,1,1,0,1,0,1,0,1,1,0,1,1,0,0,1
----------------(Separation Line)--------------------
0,1,1,1,1,0,0,0,1,1,0,1,0,1,0,1,1,0,1,1,1,1,0,0,0,1,0,1,0,1,0,1,1,0,1,1,0,0,1,1,1
----------------(Separation Line)--------------------
0,1,1,0,1,1,1,0,0,1,0,1,0,0,0,1,0,1,1,0,1,0,1,1,0,0,1,0,1,1,1,0,1,1,1,1,1,0,0,1,1
----------------(Separation Line)--------------------
0,0,0,0,0,0,0,0,0,0,0,0,0,0,0,0,0,0,0,0,0,0,0,0,0,0,0,0,0,0,0,0,0,0,0,0,0,0,0,0,0
----------------(Separation Line)--------------------
0,1,1,1,1,0,1,0,0,0,1,1,0,0,1,0,0,0,0,0,1,0,1,1,0,0,0,1,1,0,1,0,0,0,1,1,1,1,1,1,1
----------------(Separation Line)--------------------
0,1,1,1,1,0,1,0,0,0,1,1,0,0,1,0,0,0,0,0,1,0,1,1,0,0,0,1,1,0,1,0,0,0,1,0,1,1,1,1,1
----------------(Separation Line)--------------------
0,1,1,1,1,0,1,0,0,0,1,1,0,0,1,0,0,0,0,0,1,0,1,1,0,0,0,1,1,0,1,0,1,0,1,0,1,1,1,1,1
----------------(Separation Line)--------------------
0,0,0,1,1,1,0,0,0,0,1,1,0,0,1,0,0,1,0,1,1,1,0,1,1,0,0,0,1,0,0,0,1,0,1,0,1,1,1,1,1
----------------(Separation Line)--------------------
0,0,0,1,1,1,0,0,0,1,1,1,1,0,1,1,1,0,0,1,0,0,1,1,0,0,1,0,0,0,0,1,1,0,1,1,1,0,0,0,1
----------------(Separation Line)--------------------
0,0,0,0,1,1,0,0,1,1,1,1,0,1,1,1,1,0,0,1,1,1,1,1,0,0,1,0,0,0,0,1,0,1,1,1,1,1,1,0,1
----------------(Separation Line)--------------------
1,0,1,0,1,1,0,1,1,0,0,1,0,1,0,1,1,1,1,1,1,1,0,1,0,1,0,0,1,0,1,1,0,1,1,1,0,0,0,0,1
----------------(Separation Line)--------------------
0,0,1,0,0,1,0,0,1,0,0,1,0,0,0,0,1,1,1,1,1,1,0,1,0,1,0,0,1,0,1,1,0,0,1,1,1,0,1,0,1
----------------(Separation Line)--------------------
0,0,1,0,0,0,0,0,1,0,0,1,0,0,0,0,1,1,1,1,1,1,0,1,0,1,0,0,1,0,1,1,0,0,1,1,0,0,1,1,1
----------------(Separation Line)--------------------
0,0,1,1,0,0,1,0,0,1,1,0,0,0,0,1,1,0,0,1,1,1,0,0,1,1,0,1,0,0,0,0,0,0,0,1,0,1,1,0,0
----------------(Separation Line)--------------------
0,0,1,1,0,0,1,1,0,1,1,0,0,0,0,0,1,0,0,1,1,1,0,0,1,1,0,1,1,0,1,0,1,0,1,1,1,1,0,0,0
----------------(Separation Line)--------------------
0,0,0,1,1,0,0,1,1,1,1,0,1,0,1,0,0,0,1,0,1,1,0,0,0,1,1,1,0,1,1,0,0,0,1,1,0,1,0,0,0
----------------(Separation Line)--------------------
0,1,0,0,0,1,1,1,1,0,1,1,1,0,1,0,0,0,1,0,1,1,0,1,0,1,1,1,0,1,1,0,0,1,0,0,0,1,0,0,0
----------------(Separation Line)--------------------
0,1,1,0,0,1,1,0,1,0,0,0,1,0,1,0,0,0,1,0,1,1,0,1,0,1,1,1,0,1,0,1,0,1,0,0,0,1,0,0,0
----------------(Separation Line)--------------------
0,1,1,0,0,1,1,0,1,1,0,0,1,0,1,0,0,0,1,0,1,1,0,1,0,1,1,1,0,1,0,1,0,1,0,0,0,1,0,0,0
----------------(Separation Line)--------------------
0,1,1,0,0,1,0,0,1,1,0,0,1,0,1,0,0,1,1,1,1,1,0,1,0,1,0,1,1,0,0,1,0,1,0,0,0,1,0,0,0
----------------(Separation Line)--------------------
0,1,1,0,0,1,0,0,1,1,0,0,1,0,1,0,0,1,1,0,1,1,0,1,0,1,0,1,1,0,1,0,0,1,0,0,0,1,0,0,0
----------------(Separation Line)--------------------
1,0,0,0,1,1,0,1,0,0,0,0,0,1,0,1,1,1,1,0,1,1,0,1,1,1,1,0,1,0,0,0,0,1,1,0,0,0,0,1,1
----------------(Separation Line)--------------------
1,0,1,0,1,1,0,1,1,0,1,0,1,0,0,0,1,1,0,0,0,0,1,0,0,1,1,1,1,1,0,1,1,0,0,1,1,0,1,0,1
----------------(Separation Line)--------------------
0,0,1,1,1,1,1,0,1,0,0,0,1,0,1,1,0,1,0,0,1,1,1,1,0,1,0,1,0,1,1,1,0,1,1,0,1,0,1,1,0
----------------(Separation Line)--------------------
0,0,1,1,1,1,1,0,1,0,0,0,1,0,1,1,0,1,0,0,0,0,1,1,0,1,0,1,0,1,1,1,0,1,1,0,1,0,1,1,0
----------------(Separation Line)--------------------
1,0,1,0,0,0,1,0,0,0,0,0,0,0,0,1,0,1,1,0,0,1,1,1,1,0,0,1,0,1,0,1,0,1,1,0,1,0,1,1,0
----------------(Separation Line)--------------------
1,0,1,0,0,0,1,0,0,0,0,0,0,0,0,1,0,0,1,0,0,0,1,1,1,0,0,1,0,1,0,1,0,1,1,0,1,0,1,1,0
----------------(Separation Line)--------------------
1,0,0,0,1,0,0,1,0,0,0,1,1,1,0,1,1,1,1,0,1,1,0,1,0,1,1,1,1,1,0,1,0,1,0,0,1,0,0,0,1
----------------(Separation Line)--------------------
0,0,1,0,1,1,0,1,0,1,1,0,0,0,0,0,1,1,0,1,0,1,0,1,0,0,0,0,1,0,1,1,1,0,1,0,1,0,0,0,0
----------------(Separation Line)--------------------
1,0,0,1,1,0,0,0,1,1,1,1,0,0,0,1,1,1,0,1,1,0,0,1,0,1,0,0,1,1,0,1,0,1,0,1,1,1,0,0,0
----------------(Separation Line)--------------------
0,0,0,0,0,0,0,0,0,0,0,0,0,0,0,0,0,0,0,0,0,0,0,0,0,0,0,0,0,0,0,0,0,0,0,0,0,0,0,0,0
----------------(Separation Line)--------------------
0,1,0,1,1,0,1,0,1,1,0,0,1,1,1,0,0,0,1,0,1,0,0,0,0,0,0,0,0,0,1,0,0,1,1,0,0,1,1,1,1
----------------(Separation Line)--------------------
0,1,0,1,1,0,1,0,1,1,0,0,1,1,1,0,0,0,1,0,1,0,0,0,0,0,0,0,0,0,1,0,1,1,1,0,0,1,0,1,1
----------------(Separation Line)--------------------
0,0,1,1,1,0,0,1,1,0,0,1,1,0,0,1,0,1,0,0,0,0,1,0,0,0,1,1,1,0,0,0,1,0,1,0,0,1,0,1,0
----------------(Separation Line)--------------------
0,1,1,0,1,0,0,1,1,1,0,1,1,0,0,0,0,1,0,0,0,0,1,1,0,0,1,1,1,0,0,0,1,1,0,0,1,1,0,1,0
----------------(Separation Line)--------------------
0,1,1,0,1,0,0,1,1,1,0,1,1,0,0,0,0,1,0,0,0,0,1,1,0,0,1,1,1,0,0,0,0,1,0,0,1,1,0,1,1
----------------(Separation Line)--------------------
0,1,1,0,1,0,0,1,1,1,0,1,1,0,0,0,0,1,0,0,0,0,1,1,0,0,1,1,1,0,0,0,1,1,0,1,1,1,0,1,1
----------------(Separation Line)--------------------
0,1,1,0,1,1,1,1,1,1,1,0,0,0,0,1,0,1,0,0,0,0,1,1,0,0,1,1,1,0,0,0,1,0,0,1,1,1,0,1,1
----------------(Separation Line)--------------------
0,0,1,1,0,1,1,0,0,0,1,0,1,0,1,1,1,0,0,0,0,1,1,0,1,0,0,1,1,0,1,0,1,0,0,1,0,1,0,0,0
----------------(Separation Line)--------------------
0,0,1,1,0,1,0,0,0,0,1,0,1,0,1,1,1,0,0,0,0,1,1,0,1,0,0,1,1,0,1,0,1,0,0,1,0,1,0,0,0
----------------(Separation Line)--------------------
1,1,1,1,0,0,0,0,0,1,0,0,0,1,0,1,0,0,1,1,0,0,1,0,0,0,0,1,1,0,0,1,1,0,0,1,0,1,0,0,0
----------------(Separation Line)--------------------
1,0,1,0,0,0,0,0,0,0,0,0,0,1,0,0,0,0,1,1,0,1,1,1,0,0,0,1,1,0,0,1,1,1,1,0,1,0,0,0,0
----------------(Separation Line)--------------------
1,0,1,0,1,1,1,0,0,0,0,0,1,0,0,0,1,1,1,1,1,0,0,1,0,0,0,1,1,0,0,1,1,1,1,0,1,0,0,0,0
----------------(Separation Line)--------------------
1,0,1,0,0,0,1,1,0,0,0,0,0,1,0,0,0,0,1,1,0,1,0,0,0,0,0,1,1,0,0,1,1,1,1,0,1,0,0,0,0
----------------(Separation Line)--------------------
1,0,1,0,0,0,1,1,0,0,0,0,0,1,0,0,0,0,1,1,0,1,1,0,0,0,0,1,1,0,1,1,1,1,1,0,1,0,0,0,0
----------------(Separation Line)--------------------
1,0,1,0,0,0,1,1,0,0,0,0,0,1,0,0,0,0,1,1,0,1,1,0,0,0,0,0,1,0,0,0,0,0,1,1,0,0,1,0,1
----------------(Separation Line)--------------------
0,1,0,0,0,1,1,1,1,0,1,0,1,1,0,1,1,1,1,0,1,1,1,0,0,1,1,0,0,0,0,1,0,0,0,0,0,0,1,1,1
----------------(Separation Line)--------------------
0,0,1,0,0,1,0,1,0,1,1,0,0,1,0,1,0,0,1,0,1,0,1,0,0,0,1,1,0,0,0,1,0,0,1,1,0,1,0,1,1
----------------(Separation Line)--------------------
0,0,1,0,0,1,1,1,0,1,1,0,0,1,0,1,0,0,1,1,1,1,1,0,0,1,1,0,1,1,0,0,0,1,1,1,0,0,0,1,1
----------------(Separation Line)--------------------
0,1,0,1,1,1,1,0,0,0,0,0,1,0,1,1,0,0,1,0,1,1,1,1,0,1,0,1,1,1,0,0,0,0,1,1,1,1,0,0,1
----------------(Separation Line)--------------------
1,0,1,1,1,0,0,1,1,0,1,1,0,1,1,0,0,1,1,0,0,1,0,1,1,0,1,0,0,1,1,0,1,0,0,0,0,1,0,1,1
----------------(Separation Line)--------------------
0,0,0,0,0,0,0,0,0,0,0,0,0,0,0,0,0,0,0,0,0,0,0,0,0,0,0,0,0,0,0,0,0,0,0,0,0,0,0,0,0
----------------(Separation Line)--------------------
0,0,1,0,0,0,1,1,0,1,0,0,0,1,0,1,1,0,1,1,1,1,1,0,1,0,0,0,1,1,0,1,0,0,0,1,1,1,0,0,1
----------------(Separation Line)--------------------
0,0,1,0,0,0,1,1,0,1,0,1,0,1,1,1,1,1,1,1,0,0,1,1,0,1,0,0,0,0,0,1,1,0,1,1,1,1,0,0,0
----------------(Separation Line)--------------------
0,1,1,1,0,0,1,0,0,1,0,1,0,1,1,1,1,1,1,1,0,0,1,1,0,1,0,0,0,0,0,1,0,1,1,1,1,1,0,0,0
----------------(Separation Line)--------------------
1,0,1,1,0,1,1,0,1,0,0,1,0,1,1,1,1,1,1,1,0,0,1,1,0,1,0,0,0,0,0,1,0,0,1,1,1,1,0,0,0
----------------(Separation Line)--------------------
1,0,1,1,0,0,1,0,1,0,0,1,0,1,0,0,1,0,1,1,0,1,1,1,0,1,0,0,0,0,0,1,1,0,1,0,1,0,1,1,1
----------------(Separation Line)--------------------
1,0,1,1,0,0,1,0,1,0,0,1,0,1,0,0,1,0,1,1,0,1,1,1,0,1,1,1,0,0,1,0,1,0,0,0,1,0,1,1,1
----------------(Separation Line)--------------------
1,0,1,1,0,1,1,0,0,1,0,1,0,1,0,0,1,0,1,1,0,1,1,1,0,1,1,1,0,0,1,0,0,0,0,0,0,0,1,1,1
----------------(Separation Line)--------------------
0,0,0,1,0,1,1,1,0,0,0,0,1,1,1,0,1,0,1,1,0,1,1,1,0,1,1,1,0,1,1,0,0,1,0,1,0,1,1,1,0
----------------(Separation Line)--------------------
1,0,1,0,1,0,1,1,1,0,0,1,0,1,0,1,0,0,1,1,0,1,1,1,0,1,1,1,0,1,1,0,0,0,0,1,0,1,1,0,0
----------------(Separation Line)--------------------
1,0,1,0,1,0,1,1,1,0,0,1,0,1,0,1,0,0,1,1,0,1,1,1,0,1,1,1,0,1,1,0,0,0,0,1,0,1,0,0,0
----------------(Separation Line)--------------------
1,0,1,0,1,0,1,1,1,0,0,1,1,1,0,1,0,0,1,1,0,1,1,1,0,1,1,1,0,1,1,0,1,0,0,1,0,1,0,0,0
----------------(Separation Line)--------------------
1,0,1,0,1,0,1,1,1,1,0,0,1,1,0,1,0,0,1,1,0,1,1,1,1,1,1,0,0,1,1,0,1,0,0,1,1,1,0,0,0
----------------(Separation Line)--------------------
1,0,1,0,1,0,1,1,1,1,0,0,0,1,0,1,0,1,1,1,0,1,0,1,1,1,1,0,0,1,1,1,0,1,1,1,1,0,1,1,0
----------------(Separation Line)--------------------
1,0,1,0,1,1,1,1,0,1,0,0,1,1,0,1,0,1,1,0,0,0,0,1,1,1,1,0,0,1,1,1,1,1,0,0,0,0,0,0,0
----------------(Separation Line)--------------------
0,0,1,0,1,1,0,0,1,0,0,1,0,1,1,1,1,1,1,1,1,1,1,1,0,0,1,0,1,1,1,1,1,1,1,0,1,0,0,0,0
----------------(Separation Line)--------------------
0,1,0,0,0,1,0,0,1,0,1,0,0,0,1,1,1,1,0,0,1,0,1,0,1,0,1,0,0,0,0,1,0,1,0,0,1,1,0,1,1
----------------(Separation Line)--------------------
0,1,0,0,0,1,0,1,1,0,1,0,0,0,1,1,1,1,0,0,1,0,1,0,1,0,1,0,0,0,0,1,0,1,0,0,0,1,0,0,1
----------------(Separation Line)--------------------
0,1,1,0,0,0,1,0,0,1,1,1,1,0,1,0,1,1,1,0,1,1,1,0,0,0,0,1,1,0,0,0,1,0,0,1,0,1,1,1,1
----------------(Separation Line)--------------------
0,1,1,0,0,0,1,0,0,1,1,1,1,0,1,0,1,1,1,0,1,1,1,0,0,0,0,1,1,0,0,0,1,0,0,1,1,1,1,1,1
----------------(Separation Line)--------------------
1,1,1,1,1,1,1,0,0,1,0,0,1,0,0,1,1,0,0,0,1,0,0,1,0,0,0,0,1,1,1,1,0,0,1,0,1,0,1,0,1
----------------(Separation Line)--------------------
0,1,1,0,1,1,1,1,0,0,0,1,0,1,0,0,1,0,0,0,1,0,0,1,0,0,0,0,0,0,1,1,0,0,0,0,0,0,0,0,1
----------------(Separation Line)--------------------
0,0,1,0,0,1,1,0,1,1,0,1,1,0,1,0,0,0,0,0,0,1,0,0,1,1,0,0,0,1,1,0,0,0,1,1,1,0,0,1,0
----------------(Separation Line)--------------------
0,1,1,1,0,0,0,1,1,1,1,0,1,1,0,1,0,0,1,0,1,0,1,1,0,1,1,1,1,0,0,0,0,0,0,1,1,1,0,0,1
----------------(Separation Line)--------------------
0,0,1,1,1,1,1,0,1,1,1,0,1,1,0,1,0,1,1,0,1,0,0,1,1,0,1,1,1,0,1,1,0,1,0,1,1,1,1,1,1
----------------(Separation Line)--------------------
1,0,0,1,0,1,0,0,0,0,0,1,1,1,0,0,1,1,1,0,1,0,1,1,0,1,0,1,0,1,0,1,0,1,1,0,0,0,1,0,1
----------------(Separation Line)--------------------
0,1,0,0,0,1,0,0,1,1,1,0,1,0,0,0,1,0,0,0,0,1,1,1,1,1,1,1,1,0,1,1,0,0,1,0,1,1,0,1,1
----------------(Separation Line)--------------------
0,1,0,1,1,0,0,0,1,1,0,1,1,1,1,0,0,1,1,0,0,1,0,0,1,0,1,0,1,0,0,1,1,1,1,1,1,1,0,1,1
----------------(Separation Line)--------------------
0,1,0,1,1,0,1,1,1,1,1,1,1,1,0,1,1,0,1,1,0,1,1,0,0,1,0,0,1,0,0,0,0,0,0,0,1,1,1,1,1
----------------(Separation Line)--------------------
0,0,0,0,0,0,0,0,0,0,0,0,0,0,0,0,0,0,0,0,0,0,0,0,0,0,0,0,0,0,0,0,0,0,0,0,0,0,0,0,0
----------------(Separation Line)--------------------
1,0,1,0,1,1,1,1,1,1,0,0,1,0,1,0,0,0,1,1,0,0,1,1,1,1,0,0,1,1,0,0,0,1,0,1,0,1,0,0,0
----------------(Separation Line)--------------------
1,0,1,0,1,1,1,1,1,1,0,0,1,0,1,0,0,0,1,1,0,0,1,1,0,0,0,0,0,1,0,0,1,0,0,1,0,1,0,1,0
----------------(Separation Line)--------------------
1,0,1,0,1,1,1,1,1,1,0,0,1,0,1,0,0,0,1,1,0,0,1,1,1,0,1,0,1,1,1,0,0,1,0,1,0,1,0,1,0
----------------(Separation Line)--------------------
1,0,1,0,1,0,0,0,0,1,1,0,0,0,1,0,0,0,1,1,0,0,1,1,1,0,0,0,1,1,1,0,1,1,1,0,1,1,0,1,1
----------------(Separation Line)--------------------
1,0,1,0,1,0,0,0,0,1,1,0,0,0,1,0,0,0,1,1,0,0,1,1,1,0,0,0,1,1,1,0,1,1,1,0,1,1,0,0,1
----------------(Separation Line)--------------------
1,0,1,0,1,0,0,0,0,1,1,0,0,0,1,0,0,0,1,1,0,0,1,1,1,0,0,0,1,1,1,0,1,0,1,0,1,1,0,0,1
----------------(Separation Line)--------------------
1,0,1,1,1,0,0,0,1,1,0,1,1,0,1,1,1,0,0,1,0,0,1,1,0,0,0,1,1,1,1,1,0,0,1,1,1,1,0,0,1
----------------(Separation Line)--------------------
1,0,1,1,1,0,0,0,1,1,0,1,1,0,1,1,1,0,0,1,0,0,1,1,1,0,0,1,0,1,1,1,0,0,0,0,1,1,0,0,1
----------------(Separation Line)--------------------
1,0,1,1,1,0,0,0,1,1,1,1,1,0,1,1,1,0,0,1,0,0,1,1,1,0,0,1,0,1,1,1,0,0,0,0,1,1,0,0,0
----------------(Separation Line)--------------------
1,0,1,1,1,0,0,0,0,1,1,1,1,0,1,0,1,1,0,0,1,0,1,1,1,1,1,1,0,1,1,1,0,1,1,1,1,1,0,0,1
----------------(Separation Line)--------------------
1,0,1,1,1,0,0,0,0,1,1,1,1,0,1,0,1,1,0,0,1,0,1,1,1,1,1,1,0,1,1,1,0,1,1,1,1,1,1,0,1
----------------(Separation Line)--------------------
1,0,1,1,1,1,0,0,0,0,1,1,1,1,1,0,1,1,0,0,1,0,1,1,1,1,1,1,1,1,1,0,0,0,1,1,0,1,0,0,1
----------------(Separation Line)--------------------
1,0,1,1,1,1,0,0,0,0,1,1,1,1,1,0,1,1,0,0,1,0,1,1,1,1,1,1,1,1,1,0,0,0,1,1,0,1,0,1,1
----------------(Separation Line)--------------------
1,0,1,1,1,1,0,0,0,0,1,1,1,1,0,0,1,1,0,0,1,0,1,1,1,1,1,1,1,1,1,0,0,0,0,1,0,0,0,1,1
----------------(Separation Line)--------------------
1,0,0,0,0,1,0,0,0,0,1,1,1,1,1,0,1,1,0,0,1,0,1,1,0,0,1,1,1,1,1,0,1,0,0,0,0,0,0,1,1
----------------(Separation Line)--------------------
1,0,0,0,0,1,1,0,1,0,1,1,1,0,1,1,0,0,0,0,0,1,0,0,0,1,1,0,0,1,1,1,1,0,1,1,1,0,0,0,1
----------------(Separation Line)--------------------
1,0,0,0,0,1,1,0,0,0,1,1,1,0,1,1,0,0,0,0,0,1,0,0,0,1,1,0,0,1,1,0,0,1,1,0,1,1,1,0,1
----------------(Separation Line)--------------------
0,0,0,1,0,1,1,1,0,0,1,1,0,0,0,0,0,0,0,0,0,1,1,1,0,0,0,0,1,0,1,1,0,0,0,0,1,0,1,0,1
----------------(Separation Line)--------------------
0,0,0,1,0,1,1,1,0,0,1,1,0,0,0,0,0,0,0,0,1,1,1,1,0,0,0,0,1,0,1,1,0,0,0,1,0,0,1,0,1
----------------(Separation Line)--------------------
1,1,0,0,1,1,0,0,1,1,0,1,1,0,1,0,1,1,0,0,1,0,0,1,1,0,1,1,1,1,0,0,0,0,0,1,1,0,1,0,0
----------------(Separation Line)--------------------
1,1,0,0,1,1,0,0,1,1,0,1,1,0,1,0,1,1,0,0,1,0,0,1,1,0,1,1,1,1,0,0,0,0,0,0,0,0,0,1,1
----------------(Separation Line)--------------------
1,0,0,0,0,0,1,1,1,0,1,0,1,0,1,1,0,0,1,1,0,1,0,1,1,1,1,1,1,1,0,0,1,0,0,0,0,0,0,0,1
----------------(Separation Line)--------------------
1,0,1,1,0,0,1,1,1,0,1,0,1,0,1,1,0,0,1,1,0,1,0,1,1,1,1,1,1,1,0,0,1,0,1,1,0,0,0,0,1
----------------(Separation Line)--------------------
0,0,0,1,1,0,1,1,0,0,1,1,0,1,1,1,0,1,0,1,1,1,1,0,0,0,0,0,1,0,1,1,1,1,1,0,1,0,0,1,0
----------------(Separation Line)--------------------
0,1,1,1,1,0,1,0,1,0,0,0,0,1,0,1,1,1,0,0,0,1,0,0,1,0,0,0,0,0,1,0,0,0,1,0,0,1,0,0,1
----------------(Separation Line)--------------------
1,1,1,0,1,0,1,0,1,0,0,0,0,1,0,1,1,1,0,0,0,1,0,0,1,0,0,0,0,0,1,0,1,0,1,1,0,1,0,0,1
----------------(Separation Line)--------------------
0,0,0,0,1,0,0,0,1,0,0,1,0,0,1,1,1,0,1,1,0,1,0,0,0,0,0,0,0,1,0,1,0,0,1,1,0,1,0,1,1
----------------(Separation Line)--------------------
0,0,0,0,0,0,0,0,0,0,0,0,0,0,0,0,0,0,0,0,0,0,0,0,0,0,0,0,0,0,0,0,0,0,0,0,0,0,0,0,0
----------------(Separation Line)--------------------
0,0,1,0,0,0,0,1,1,1,1,0,1,1,0,1,1,0,1,1,1,1,1,1,0,0,1,1,0,0,0,0,0,1,0,0,0,1,1,0,1
----------------(Separation Line)--------------------
0,0,1,0,0,0,0,1,1,1,1,0,1,1,0,1,1,0,1,1,1,1,1,1,1,0,1,1,1,0,0,1,0,1,0,0,1,1,1,0,1
----------------(Separation Line)--------------------
0,0,1,0,0,0,0,1,1,0,1,0,0,0,0,1,1,0,1,1,1,1,1,1,1,0,1,1,1,0,0,1,0,1,0,0,1,1,1,0,0
----------------(Separation Line)--------------------
0,0,1,0,0,0,0,1,1,0,1,0,1,0,0,0,1,0,1,1,1,1,1,1,1,0,1,1,1,0,0,1,0,1,0,1,0,1,0,0,0
----------------(Separation Line)--------------------
0,1,1,0,1,0,0,1,1,0,0,0,0,1,1,0,1,0,1,1,0,1,1,0,1,0,1,1,1,0,0,1,0,1,1,1,1,1,1,0,0
----------------(Separation Line)--------------------
0,1,1,0,1,0,0,1,1,0,0,0,0,1,1,0,1,0,1,1,0,1,1,0,1,0,1,1,1,0,0,1,0,1,1,1,1,1,1,1,0
----------------(Separation Line)--------------------
0,1,1,0,1,0,0,1,1,0,0,0,0,1,1,0,1,0,1,1,0,1,1,0,1,0,1,1,1,0,0,1,0,0,1,1,1,1,1,0,0
----------------(Separation Line)--------------------
0,1,1,1,1,0,0,0,0,0,0,0,0,1,1,1,1,0,1,1,0,1,1,1,0,0,1,0,1,0,0,1,0,0,0,1,0,1,1,1,0
----------------(Separation Line)--------------------
0,1,1,1,1,0,0,0,0,0,0,0,0,1,1,1,1,0,1,1,0,1,1,1,0,0,1,0,1,0,0,1,0,0,0,1,0,1,1,0,0
----------------(Separation Line)--------------------
0,1,1,1,1,0,0,0,0,0,0,0,0,1,1,1,1,0,1,1,0,1,1,1,0,0,1,0,1,0,0,1,1,0,0,1,0,1,1,0,0
----------------(Separation Line)--------------------
0,1,1,1,1,0,0,0,0,0,0,0,0,1,1,1,1,0,1,1,0,1,1,1,0,0,1,0,1,0,0,1,1,0,0,1,1,0,0,0,0
----------------(Separation Line)--------------------
0,1,1,1,1,0,0,0,0,0,0,0,0,1,1,1,1,0,1,1,0,1,1,1,0,0,1,0,1,0,0,1,1,0,0,1,1,0,0,1,0
----------------(Separation Line)--------------------
0,1,1,0,1,0,0,1,1,0,0,0,1,1,1,1,1,0,1,1,0,1,1,1,0,0,1,1,1,0,0,1,1,0,1,1,1,1,0,0,0
----------------(Separation Line)--------------------
0,1,1,0,1,0,0,1,1,0,0,0,1,1,1,0,0,1,1,1,1,1,1,0,0,0,1,1,0,0,0,0,0,1,0,1,0,1,0,0,1
----------------(Separation Line)--------------------
0,1,0,0,1,0,0,1,1,1,1,0,1,1,1,0,0,1,1,1,1,1,1,0,0,0,1,1,0,0,0,1,0,1,0,0,1,1,1,0,1
----------------(Separation Line)--------------------
0,1,0,1,1,0,0,1,1,1,1,0,1,1,1,0,0,1,1,1,1,1,1,0,0,0,1,1,0,0,0,1,1,1,0,1,0,1,0,0,1
----------------(Separation Line)--------------------
0,1,0,1,1,0,0,1,1,1,1,0,1,1,1,0,0,1,1,1,1,1,1,0,1,1,1,1,1,0,0,0,0,1,0,1,0,0,0,1,1
----------------(Separation Line)--------------------
1,1,0,1,0,0,0,1,1,0,1,0,1,1,1,1,0,1,1,1,1,1,1,0,1,1,1,1,1,0,0,1,0,1,0,1,0,0,1,1,1
----------------(Separation Line)--------------------
1,1,0,1,0,0,0,1,1,0,1,0,1,1,1,1,0,1,1,1,1,1,1,0,1,1,1,1,1,0,0,1,0,1,0,1,0,0,1,0,1
----------------(Separation Line)--------------------
1,0,1,0,1,0,0,1,1,0,0,0,1,1,1,1,1,1,1,0,0,0,1,0,0,1,1,0,0,0,0,1,0,0,1,0,0,0,0,0,1
----------------(Separation Line)--------------------
1,0,1,0,1,0,0,1,1,0,0,0,1,1,1,1,1,1,1,0,0,0,1,0,0,1,1,0,0,0,0,1,0,0,1,0,0,0,0,1,1
----------------(Separation Line)--------------------
1,0,1,0,1,0,0,1,1,0,0,0,1,1,1,1,1,1,1,0,0,0,1,0,0,1,1,0,0,0,0,1,1,0,1,0,0,0,1,1,1
----------------(Separation Line)--------------------
1,0,1,0,1,0,0,1,1,0,0,0,1,1,1,1,1,1,1,0,0,0,1,0,0,1,1,0,0,0,0,1,0,0,1,0,0,0,1,1,1
----------------(Separation Line)--------------------
1,0,1,0,1,0,0,1,1,0,0,0,1,1,1,1,1,1,1,0,0,0,1,0,0,1,1,0,0,0,0,1,0,1,1,0,0,1,1,1,1
----------------(Separation Line)--------------------
1,0,0,1,1,0,0,1,1,0,1,1,1,1,0,0,1,1,1,0,0,1,1,1,0,1,1,1,0,0,0,1,0,1,1,0,0,1,1,1,0
----------------(Separation Line)--------------------
1,0,1,0,1,0,0,0,1,0,1,1,1,0,0,0,0,0,1,0,0,1,1,1,0,0,0,0,0,1,1,1,0,1,1,0,0,1,1,1,0
----------------(Separation Line)--------------------
1,0,1,0,1,0,0,1,1,0,1,1,1,0,0,0,0,0,1,0,0,1,1,1,0,0,0,0,0,1,1,1,0,1,1,0,0,1,1,1,0
----------------(Separation Line)--------------------
0,0,1,0,0,0,0,0,0,0,1,1,1,1,0,1,0,1,1,1,1,0,1,1,0,0,0,0,0,1,1,1,0,1,1,0,0,1,1,1,0
----------------(Separation Line)--------------------
0,0,0,0,0,0,0,0,1,0,0,0,1,0,0,1,0,0,0,1,0,1,0,0,0,1,1,0,1,0,0,0,0,0,0,1,1,1,0,0,1
----------------(Separation Line)--------------------
0,0,0,0,0,0,0,0,1,0,0,0,1,0,0,1,1,0,0,0,0,1,0,0,0,1,1,0,0,1,0,0,0,0,0,1,1,0,0,0,1
----------------(Separation Line)--------------------
0,0,0,0,0,1,0,1,0,1,0,1,1,0,0,0,0,1,1,0,0,0,0,1,1,0,0,1,0,0,1,0,0,0,0,1,1,0,0,0,1
----------------(Separation Line)--------------------
1,0,0,0,0,1,0,1,0,1,0,1,0,1,1,1,0,1,1,1,1,0,0,0,1,1,1,1,1,1,1,0,1,0,0,0,0,1,0,0,1
----------------(Separation Line)--------------------
0,1,1,1,0,0,1,1,0,0,1,1,1,0,1,1,0,1,0,1,0,0,1,1,0,0,1,0,1,1,1,0,1,1,0,1,0,0,0,0,1
----------------(Separation Line)--------------------
1,1,0,1,1,0,0,1,1,0,1,0,1,1,1,1,0,0,0,1,1,1,1,1,1,1,0,0,1,0,1,1,0,1,1,0,1,0,0,1,1
----------------(Separation Line)--------------------
0,1,1,1,0,0,1,1,1,0,1,0,1,1,1,1,0,0,0,1,1,1,1,1,1,1,0,0,1,0,1,1,0,1,1,0,1,0,0,1,1
----------------(Separation Line)--------------------
1,0,1,0,1,1,0,1,0,1,1,0,0,1,0,0,1,1,1,1,1,0,1,0,0,0,1,0,1,0,1,1,0,0,1,1,1,0,0,0,1
----------------(Separation Line)--------------------
0,1,1,1,0,0,0,1,1,1,0,0,1,1,0,0,0,1,1,0,1,1,0,1,1,1,1,0,0,1,1,1,1,1,0,1,1,0,0,0,1
----------------(Separation Line)--------------------
0,1,0,0,0,0,0,0,1,1,1,1,1,0,0,0,0,0,0,0,1,1,0,1,0,1,1,0,0,1,0,1,0,0,0,0,0,1,0,1,1
----------------(Separation Line)--------------------
0,1,0,0,0,1,1,0,1,1,0,1,0,1,1,1,0,0,1,0,0,0,0,1,1,0,0,0,1,0,1,1,0,0,1,0,1,0,0,1,0
----------------(Separation Line)--------------------
0,0,0,0,0,0,0,0,0,0,0,0,0,0,0,0,0,0,0,0,0,0,0,0,0,0,0,0,0,0,0,0,0,0,0,0,0,0,0,0,0
----------------(Separation Line)--------------------
0,1,0,0,0,0,1,1,1,0,0,0,1,0,1,1,1,0,1,1,0,1,0,0,0,0,0,1,1,1,1,0,1,0,0,0,1,0,0,1,1
----------------(Separation Line)--------------------
0,1,0,0,0,0,1,1,1,0,0,0,1,0,1,1,1,0,1,1,0,1,0,0,0,0,0,1,1,1,1,0,1,1,0,0,1,0,0,1,1
----------------(Separation Line)--------------------
0,1,0,0,0,0,1,1,1,0,0,0,1,0,1,1,1,0,1,1,0,1,0,0,0,0,0,1,1,1,1,0,0,0,0,1,1,0,0,1,0
----------------(Separation Line)--------------------
0,1,0,0,0,0,1,1,1,0,0,0,1,0,1,1,1,0,1,1,0,1,1,1,0,0,0,1,1,1,1,0,1,0,1,0,1,0,0,1,0
----------------(Separation Line)--------------------
0,1,1,0,0,0,1,1,1,0,0,0,1,0,1,1,0,0,1,1,0,1,1,1,1,0,1,1,1,1,1,0,1,1,1,0,1,0,0,1,1
----------------(Separation Line)--------------------
0,1,1,0,0,0,1,1,1,0,0,0,1,0,1,1,0,0,1,1,0,1,1,1,1,0,1,1,1,1,1,0,0,1,1,0,1,0,0,1,1
----------------(Separation Line)--------------------
1,0,1,0,1,1,1,1,1,0,0,0,1,0,1,1,0,0,1,1,0,1,1,1,1,0,1,1,1,1,1,0,1,1,1,0,0,0,0,0,1
----------------(Separation Line)--------------------
1,0,1,0,1,1,1,1,1,0,0,0,1,0,1,1,0,0,1,1,0,1,1,1,1,0,1,1,1,1,1,0,1,0,1,0,0,0,0,0,1
----------------(Separation Line)--------------------
0,0,0,0,1,1,1,1,1,0,1,1,0,0,1,0,0,0,0,0,0,1,0,1,1,0,0,0,1,1,1,0,0,0,0,0,0,0,0,0,1
----------------(Separation Line)--------------------
1,1,0,0,1,1,1,1,0,0,0,1,0,0,1,0,0,0,0,1,0,1,0,1,1,0,0,0,1,1,1,0,1,0,0,0,0,0,1,0,1
----------------(Separation Line)--------------------
1,1,0,0,1,1,1,1,0,0,0,0,0,0,1,0,0,0,0,1,0,1,0,1,1,0,0,0,1,1,1,0,1,0,0,1,0,0,1,0,1
----------------(Separation Line)--------------------
1,1,0,0,0,1,0,0,0,1,1,0,0,0,0,1,1,0,0,1,1,0,0,0,0,1,0,0,1,1,0,0,0,0,0,1,0,0,1,0,1
----------------(Separation Line)--------------------
1,0,0,0,1,1,1,0,1,1,0,0,1,0,1,1,1,1,0,1,1,0,0,0,0,1,0,0,1,1,0,0,0,1,0,1,1,0,1,0,1
----------------(Separation Line)--------------------
1,0,1,0,1,1,0,0,1,0,1,0,1,0,1,1,1,1,1,1,1,1,0,0,1,1,0,0,0,0,0,1,0,0,1,1,1,0,0,0,1
----------------(Separation Line)--------------------
1,0,1,0,1,1,0,0,1,0,1,0,1,0,1,1,1,1,1,1,1,1,0,0,1,1,0,0,0,0,0,1,0,0,1,1,1,1,0,0,1
----------------(Separation Line)--------------------
0,1,0,1,1,0,0,0,0,1,1,0,1,0,1,1,0,1,1,0,1,1,0,1,1,1,0,1,0,1,1,0,1,0,1,1,0,1,1,0,1
----------------(Separation Line)--------------------
0,1,1,1,1,0,0,0,0,0,0,0,1,1,0,1,0,1,0,1,0,1,0,0,0,0,0,1,1,0,0,1,1,0,0,1,0,0,0,1,1
----------------(Separation Line)--------------------
0,1,1,0,1,0,1,0,0,0,1,0,1,0,1,1,0,0,0,0,0,0,1,0,1,1,1,1,1,0,0,1,1,0,0,1,1,1,0,1,1
----------------(Separation Line)--------------------
0,1,1,0,1,0,1,0,0,0,1,0,1,0,1,1,0,0,0,0,0,0,1,0,1,1,1,1,1,0,0,1,1,0,0,1,1,1,1,1,1
----------------(Separation Line)--------------------
0,1,0,1,0,1,0,1,1,0,0,0,1,0,0,0,0,1,0,1,0,1,0,0,0,1,1,1,0,0,1,0,1,1,1,0,0,1,0,1,1
----------------(Separation Line)--------------------
0,1,0,0,1,1,0,0,1,1,1,0,1,0,0,0,1,0,0,1,0,1,0,1,1,0,0,1,0,0,1,1,0,1,0,0,1,1,1,0,1
----------------(Separation Line)--------------------
0,1,0,1,0,0,1,1,0,0,0,0,0,0,1,1,0,1,0,0,0,0,0,0,1,0,1,0,1,0,0,1,0,1,0,1,0,0,1,1,1
----------------(Separation Line)--------------------
0,0,1,1,0,0,0,1,1,1,1,1,0,0,0,1,0,1,0,0,0,1,0,0,1,1,0,0,1,1,0,1,1,0,0,0,1,0,1,1,1
----------------(Separation Line)--------------------
0,0,1,1,0,0,0,1,1,1,0,0,0,0,1,0,0,1,0,0,0,1,0,0,1,1,0,0,1,1,0,1,1,0,0,0,1,0,1,1,1
----------------(Separation Line)--------------------
0,0,1,1,1,1,0,0,1,0,1,1,0,1,0,1,1,0,0,0,1,0,0,1,0,0,1,0,0,1,1,1,0,0,0,0,0,1,1,1,1
----------------(Separation Line)--------------------
0,0,1,1,0,0,0,0,1,0,1,1,1,0,0,1,1,0,0,0,1,0,0,1,0,0,1,0,0,1,1,1,0,0,0,0,0,1,1,1,1
----------------(Separation Line)--------------------
0,0,0,1,0,0,1,0,1,0,1,0,0,1,1,0,1,0,0,0,0,1,0,1,0,1,1,1,1,0,0,0,1,1,1,1,1,0,0,1,1
----------------(Separation Line)--------------------
0,0,0,1,0,0,1,0,1,0,1,0,0,1,1,0,1,0,0,0,1,1,0,0,0,1,1,1,1,0,0,0,1,1,1,1,0,0,0,0,1
----------------(Separation Line)--------------------
0,0,0,0,0,0,0,0,0,0,0,0,0,0,0,0,0,0,0,0,0,0,0,0,0,0,0,0,0,0,0,0,1,0,0,1,0,0,1,1,0
----------------(Separation Line)--------------------
0,1,0,0,0,1,0,0,1,0,0,0,1,0,0,1,0,1,1,0,0,0,0,0,1,1,1,1,0,0,0,0,1,0,0,1,0,1,0,0,0
----------------(Separation Line)--------------------
0,1,0,0,0,1,0,0,1,0,0,0,1,0,0,1,0,1,1,0,0,0,0,0,1,1,1,1,0,0,0,0,1,1,0,1,0,1,0,0,0
----------------(Separation Line)--------------------
0,1,0,0,0,1,0,0,1,0,0,0,1,0,0,1,0,1,1,0,0,0,0,0,1,1,0,1,0,0,0,0,1,1,0,1,0,1,0,0,0
----------------(Separation Line)--------------------
0,1,0,0,0,1,0,0,1,0,0,0,1,0,0,1,0,1,1,0,0,0,0,0,0,1,0,1,0,0,0,0,1,1,0,1,1,1,0,0,0
----------------(Separation Line)--------------------
1,0,0,0,0,0,0,0,1,0,1,1,1,0,0,1,0,1,0,0,1,1,1,0,0,1,0,0,0,1,0,1,0,0,0,0,1,1,0,0,0
----------------(Separation Line)--------------------
1,0,0,0,0,0,0,0,1,0,1,1,1,0,0,1,0,1,0,0,1,1,1,0,0,1,0,0,0,1,0,1,0,0,0,0,1,0,1,0,0
----------------(Separation Line)--------------------
1,1,0,1,0,0,0,0,1,0,1,1,0,1,0,1,1,0,0,0,0,0,1,0,1,1,0,0,0,1,0,1,0,1,1,0,0,0,1,0,0
----------------(Separation Line)--------------------
1,1,0,1,0,0,0,0,1,0,1,1,0,1,0,1,0,0,0,1,0,0,1,0,1,0,1,0,0,1,0,1,1,0,0,1,0,0,1,0,1
----------------(Separation Line)--------------------
1,1,0,1,0,0,0,0,1,0,1,1,1,1,0,0,1,1,0,1,0,1,1,1,1,1,1,0,1,1,0,0,0,0,0,0,1,0,0,0,0
----------------(Separation Line)--------------------
1,1,0,1,0,0,0,0,1,0,1,1,1,0,0,0,1,1,0,1,0,1,1,1,1,1,1,0,1,1,0,0,0,1,0,0,1,0,0,1,0
----------------(Separation Line)--------------------
0,0,0,1,1,0,0,0,1,0,1,1,1,0,0,1,1,1,0,1,0,1,1,1,1,1,1,0,0,1,0,1,0,0,0,1,0,1,0,0,0
----------------(Separation Line)--------------------
0,0,1,1,1,0,0,0,1,0,0,1,0,0,1,1,1,1,0,1,1,1,1,1,1,0,1,0,0,1,0,0,0,0,0,1,0,0,0,1,0
----------------(Separation Line)--------------------
0,0,1,1,1,0,0,0,1,0,0,1,0,0,1,1,1,1,0,1,1,1,1,1,1,0,1,0,0,1,0,0,0,0,0,1,0,1,0,1,0
----------------(Separation Line)--------------------
0,0,1,1,1,0,0,0,1,0,0,1,1,0,0,0,0,1,0,0,1,1,1,1,1,0,1,0,0,1,0,0,1,0,1,0,1,0,0,1,0
----------------(Separation Line)--------------------
0,0,1,1,1,0,0,0,1,0,0,0,1,0,0,0,0,1,0,0,1,0,1,1,1,0,1,0,0,1,0,0,0,0,1,0,1,1,0,1,0
----------------(Separation Line)--------------------
0,0,1,1,1,0,0,0,1,0,0,1,1,0,0,0,0,1,0,0,1,1,0,1,1,0,0,0,0,1,0,0,0,0,0,0,1,0,1,1,0
----------------(Separation Line)--------------------
0,0,1,1,1,0,0,0,1,0,0,1,1,0,0,0,0,1,0,0,1,1,0,1,1,0,0,0,0,1,0,0,0,0,0,0,1,1,1,1,0
----------------(Separation Line)--------------------
0,0,1,1,1,0,0,0,1,0,0,1,1,0,0,0,0,1,0,0,1,1,0,1,1,0,0,1,1,1,0,1,0,0,0,0,0,1,1,1,0
----------------(Separation Line)--------------------
1,0,1,1,1,0,0,1,1,1,0,1,0,0,1,0,0,1,0,0,0,1,0,1,0,1,0,0,0,1,0,1,0,0,0,0,0,0,1,1,1
----------------(Separation Line)--------------------
1,0,1,1,1,0,0,1,1,1,0,1,0,0,1,0,0,1,1,1,0,1,0,1,0,1,0,1,1,1,0,0,0,1,1,0,1,0,1,0,1
----------------(Separation Line)--------------------
1,0,1,1,1,0,0,1,1,1,0,1,0,0,1,0,0,1,1,1,0,1,1,1,0,1,0,1,1,1,0,0,1,1,1,1,1,0,1,0,1
----------------(Separation Line)--------------------
1,0,1,1,1,0,0,1,1,1,0,1,0,0,1,0,0,1,1,1,0,1,1,1,1,1,1,1,1,1,0,0,0,0,1,0,0,0,1,0,1
----------------(Separation Line)--------------------
1,0,1,1,1,0,0,1,1,1,0,1,0,0,1,0,0,1,1,1,0,1,1,1,1,1,0,1,1,1,0,0,0,0,1,0,0,0,0,0,1
----------------(Separation Line)--------------------
1,1,0,1,0,0,0,1,0,0,1,0,0,1,1,1,0,0,0,1,1,1,1,1,1,1,0,0,0,0,1,0,1,1,1,1,0,1,1,0,1
----------------(Separation Line)--------------------
1,1,1,0,0,0,0,1,0,0,1,0,0,1,1,1,0,0,0,1,1,1,1,1,1,1,0,0,0,0,1,0,1,1,0,0,0,1,0,0,1
----------------(Separation Line)--------------------
1,1,1,0,0,0,0,1,1,0,0,0,0,1,1,1,1,1,0,0,0,1,1,1,1,1,0,0,0,1,1,1,1,0,1,0,1,0,0,0,1
----------------(Separation Line)--------------------
1,0,0,0,1,1,0,0,0,1,1,1,0,1,0,1,0,0,1,1,1,0,0,0,1,0,0,0,1,1,0,0,1,1,1,1,0,0,1,0,1
----------------(Separation Line)--------------------
1,0,1,1,1,1,1,1,0,1,1,1,0,1,0,0,0,0,0,1,0,0,0,1,0,0,0,0,1,1,0,0,1,1,1,1,0,0,1,1,0
----------------(Separation Line)--------------------
0,0,1,1,0,1,0,1,0,1,1,0,0,0,1,0,1,0,1,1,0,0,1,0,1,1,0,0,1,1,1,1,0,0,1,1,1,0,0,1,1
----------------(Separation Line)--------------------
0,0,0,1,1,1,0,0,1,0,1,1,1,1,1,0,1,0,1,1,0,1,0,0,0,0,1,0,1,0,1,1,0,0,1,0,1,0,1,1,1
----------------(Separation Line)--------------------
1,0,1,0,1,0,0,0,1,1,0,1,1,1,1,0,1,0,0,0,1,1,0,1,1,1,0,1,0,1,0,0,1,1,0,0,0,1,1,1,0
----------------(Separation Line)--------------------
0,0,1,0,0,0,0,0,0,0,1,0,1,1,0,1,0,1,1,0,0,1,1,1,0,0,1,0,1,1,0,0,0,0,0,0,1,1,0,0,1
----------------(Separation Line)--------------------
0,0,0,1,0,0,1,0,0,0,1,0,0,1,0,1,0,1,1,0,1,1,1,1,0,0,1,0,1,1,0,0,0,0,0,0,1,0,0,0,1
----------------(Separation Line)--------------------
1,1,0,0,0,0,0,0,1,1,0,0,1,1,1,1,1,1,1,1,0,1,1,1,1,0,1,0,0,1,1,0,1,1,0,0,0,0,0,0,1
----------------(Separation Line)--------------------
0,0,0,0,0,0,0,0,0,0,0,0,0,0,0,0,0,0,0,0,0,0,0,0,0,0,0,0,0,0,0,0,0,0,0,0,0,0,0,0,0
----------------(Separation Line)--------------------
0,0,1,1,0,1,0,0,0,1,1,0,0,1,0,1,1,1,0,1,1,0,0,0,0,1,1,0,1,0,0,1,0,0,1,0,1,0,1,0,1
----------------(Separation Line)--------------------
0,0,1,1,0,1,0,0,0,1,1,0,0,1,0,1,1,1,0,1,1,0,0,0,0,1,1,0,1,0,0,1,1,0,1,0,1,0,1,0,1
----------------(Separation Line)--------------------
0,0,1,1,0,1,0,0,0,1,1,0,0,1,0,1,0,1,0,1,1,0,0,0,0,1,1,0,1,0,0,1,1,0,1,0,0,0,1,0,1
----------------(Separation Line)--------------------
0,0,1,1,0,1,0,0,0,1,1,0,0,1,0,1,0,1,0,1,1,0,0,0,0,1,1,0,1,0,0,1,1,0,1,0,1,0,1,0,1
----------------(Separation Line)--------------------
0,0,1,1,0,1,0,0,0,1,1,0,0,1,0,1,0,1,1,1,1,0,0,0,0,1,1,0,1,0,0,1,1,1,1,0,1,0,0,0,1
----------------(Separation Line)--------------------
0,0,1,1,0,1,1,0,0,1,1,0,0,1,0,1,0,1,1,1,1,0,0,0,0,0,0,0,1,0,0,1,0,1,1,1,1,1,0,0,1
----------------(Separation Line)--------------------
0,0,1,1,0,1,1,0,0,1,1,0,0,1,0,1,0,1,1,1,1,0,0,0,0,0,0,0,1,0,0,1,0,1,1,1,0,1,0,0,1
----------------(Separation Line)--------------------
0,0,1,1,0,1,1,0,1,0,1,0,0,1,0,1,0,1,1,1,1,0,0,0,0,0,0,0,1,0,0,1,1,0,1,1,1,1,0,0,1
----------------(Separation Line)--------------------
0,1,0,1,0,0,0,0,0,0,1,1,0,1,0,1,0,1,1,1,1,1,0,1,0,0,0,0,1,0,0,1,1,0,1,0,1,1,0,0,1
----------------(Separation Line)--------------------
0,0,0,0,0,1,0,1,0,0,1,1,0,0,0,0,0,0,0,1,0,0,0,1,1,1,0,0,1,0,1,0,1,1,1,0,1,0,0,1,0
----------------(Separation Line)--------------------
0,0,1,1,0,1,0,1,0,0,1,1,0,0,0,0,0,0,1,1,0,0,0,1,0,0,0,0,0,1,0,1,1,1,1,1,0,0,1,1,1
----------------(Separation Line)--------------------
0,0,1,1,0,1,0,1,0,0,1,1,0,0,0,0,0,0,1,1,0,0,0,1,0,0,0,0,0,1,0,0,1,1,1,1,0,0,1,0,1
----------------(Separation Line)--------------------
0,0,1,1,0,1,0,1,0,0,1,1,0,0,0,0,1,0,1,1,0,0,0,1,0,0,0,0,0,1,0,0,1,1,1,1,1,0,1,0,1
----------------(Separation Line)--------------------
0,0,1,1,0,1,0,0,1,1,0,0,1,0,1,1,1,0,0,0,0,1,0,0,1,0,0,0,0,0,1,0,1,1,0,1,0,0,1,0,1
----------------(Separation Line)--------------------
0,0,1,1,0,1,0,0,1,1,0,0,1,0,1,1,1,0,0,0,0,1,0,0,1,0,0,0,0,0,1,0,0,1,0,1,0,0,1,0,1
----------------(Separation Line)--------------------
0,0,1,1,0,1,0,0,1,0,1,0,0,0,0,0,1,0,0,1,1,1,0,1,1,0,0,0,0,0,0,0,1,0,1,0,1,1,1,1,1
----------------(Separation Line)--------------------
0,1,1,1,1,0,0,0,1,0,0,1,0,1,0,1,1,1,0,1,1,0,1,1,1,1,0,1,1,1,1,1,0,1,1,0,1,1,1,1,1
----------------(Separation Line)--------------------
0,1,1,1,1,0,0,0,1,0,0,1,0,1,0,1,1,1,0,1,1,0,1,1,1,1,0,1,0,1,1,0,0,1,1,0,0,1,1,0,1
----------------(Separation Line)--------------------
0,0,0,1,0,1,1,0,1,1,0,1,0,1,0,0,0,1,1,0,0,1,0,1,1,1,0,0,0,0,0,0,0,0,1,1,0,0,0,0,0
----------------(Separation Line)--------------------
1,0,0,0,0,1,1,0,1,1,0,1,0,1,0,0,1,1,0,0,1,1,0,1,1,1,0,0,0,0,0,0,0,0,1,1,0,0,0,0,0
----------------(Separation Line)--------------------
1,0,0,0,0,1,1,0,1,1,0,1,0,1,0,0,0,1,0,0,1,1,0,1,0,1,0,0,0,0,0,0,0,0,0,0,0,0,1,0,0
----------------(Separation Line)--------------------
1,0,1,1,1,1,1,1,0,1,0,0,0,1,0,0,1,1,0,1,1,0,0,1,1,0,0,1,0,0,1,0,0,0,0,0,0,0,1,0,0
----------------(Separation Line)--------------------
1,0,1,1,1,1,1,1,0,1,0,0,0,1,0,0,0,0,0,0,1,0,0,1,0,1,1,1,1,1,0,1,0,0,0,0,0,0,1,0,0
----------------(Separation Line)--------------------
0,0,1,1,1,0,0,0,0,0,0,1,0,1,1,0,1,1,0,1,1,1,1,1,1,1,1,1,0,1,1,0,0,1,1,1,0,0,0,1,1
----------------(Separation Line)--------------------
0,0,1,1,1,0,0,0,0,0,1,0,0,1,1,0,1,1,0,1,1,1,1,1,1,1,1,1,0,1,1,0,0,1,1,1,0,0,0,1,1
----------------(Separation Line)--------------------
0,0,1,0,1,1,0,0,1,0,0,0,1,1,1,0,0,1,1,0,0,0,1,1,0,1,1,0,1,1,0,0,0,0,0,1,0,0,1,0,1
----------------(Separation Line)--------------------
0,0,1,0,0,0,0,0,0,1,0,0,1,1,1,0,1,0,1,0,0,1,1,1,0,1,1,0,0,1,0,0,1,1,0,1,0,0,1,0,1
----------------(Separation Line)--------------------
1,0,0,0,0,0,1,0,1,1,1,0,1,0,1,0,0,0,1,0,0,0,1,0,0,0,0,0,0,1,1,1,0,0,0,0,0,1,0,0,1
----------------(Separation Line)--------------------
1,0,1,0,1,0,1,1,1,0,1,0,1,1,1,1,0,0,0,0,1,0,0,1,1,1,1,1,1,0,0,1,0,1,0,0,0,1,0,1,0
----------------(Separation Line)--------------------
1,0,1,0,0,0,0,1,0,0,1,0,1,0,1,0,0,0,0,0,1,0,0,1,1,1,1,1,1,0,0,1,0,1,0,1,0,0,0,1,1
----------------(Separation Line)--------------------
0,0,1,1,0,0,1,1,0,0,1,1,1,0,1,0,0,0,0,1,0,0,1,0,0,1,0,1,0,1,0,0,0,1,1,1,0,1,0,0,1
----------------(Separation Line)--------------------
0,1,1,0,1,0,1,0,0,1,0,1,1,1,1,0,0,0,1,0,1,1,1,1,0,0,1,1,1,1,1,1,1,0,0,0,0,0,0,0,1
----------------(Separation Line)--------------------
0,0,0,0,0,0,0,0,0,0,0,0,0,0,0,0,0,0,0,0,0,0,0,0,0,0,0,0,0,0,0,0,1,0,0,0,1,0,1,0,0
----------------(Separation Line)--------------------
0,0,1,0,1,1,0,1,1,0,0,1,1,0,1,0,1,0,0,1,1,1,0,0,0,1,0,1,0,0,0,1,0,1,0,1,0,0,0,0,1
----------------(Separation Line)--------------------
0,0,1,0,1,1,0,1,1,0,0,1,1,0,1,0,1,0,0,1,1,1,0,0,0,1,0,1,0,0,0,1,0,1,0,1,0,0,1,0,1
----------------(Separation Line)--------------------
0,0,1,0,1,1,0,1,1,0,0,1,1,0,1,0,1,0,0,1,1,1,0,0,0,1,0,1,0,0,0,1,0,1,0,1,0,0,1,1,1
----------------(Separation Line)--------------------
0,0,1,0,1,1,0,1,1,0,0,1,1,0,1,0,1,0,0,1,1,1,0,0,0,1,0,1,0,0,0,1,0,1,0,1,0,1,1,1,1
----------------(Separation Line)--------------------
0,0,1,0,1,1,0,1,1,0,0,1,1,0,1,0,1,0,0,1,1,1,0,0,0,1,0,1,0,0,0,1,0,1,0,1,0,1,0,1,1
----------------(Separation Line)--------------------
0,0,1,0,1,1,0,1,1,0,0,1,1,0,1,0,1,0,0,1,1,1,0,0,0,1,0,1,0,0,0,1,0,1,0,1,0,0,0,1,1
----------------(Separation Line)--------------------
0,0,1,0,1,1,0,1,1,0,0,1,1,0,1,0,1,0,0,1,1,1,0,0,0,1,0,1,0,0,0,1,0,1,0,1,0,1,1,0,1
----------------(Separation Line)--------------------
0,0,0,0,0,1,0,1,0,1,0,0,1,0,1,1,1,0,1,1,1,0,1,1,0,0,0,0,0,0,1,1,1,0,0,0,0,1,1,0,1
----------------(Separation Line)--------------------
0,1,0,0,0,1,0,1,0,1,0,0,1,0,1,1,1,0,1,1,0,0,1,1,0,0,0,0,0,1,0,1,1,0,0,1,0,1,1,0,1
----------------(Separation Line)--------------------
0,1,0,0,0,1,0,1,0,1,0,0,1,0,1,1,1,0,1,1,0,0,1,1,0,0,0,0,1,1,0,1,1,0,0,0,1,1,1,0,1
----------------(Separation Line)--------------------
1,0,0,0,1,1,0,1,1,0,1,1,0,0,0,0,0,0,1,1,1,1,1,0,0,0,0,1,1,0,0,0,0,0,1,1,1,0,1,1,1
----------------(Separation Line)--------------------
1,0,0,1,0,1,0,1,0,0,0,0,0,0,1,0,1,0,1,1,1,1,1,0,0,1,1,1,0,0,1,0,1,0,0,1,0,0,1,1,1
----------------(Separation Line)--------------------
0,1,0,0,1,0,1,1,0,0,0,1,0,0,0,1,1,1,1,1,0,0,1,1,0,0,1,0,1,0,0,1,0,1,0,1,0,1,0,1,0
----------------(Separation Line)--------------------
0,1,0,0,0,0,1,0,0,0,0,1,1,1,0,1,1,1,1,1,0,0,1,1,0,0,1,0,1,0,0,1,0,1,0,1,0,1,0,1,0
----------------(Separation Line)--------------------
0,1,0,0,0,0,0,0,0,0,0,1,1,1,0,1,1,1,1,1,1,0,1,0,0,0,1,0,1,0,0,1,0,1,0,1,1,1,0,1,0
----------------(Separation Line)--------------------
1,0,0,0,0,1,1,1,1,1,0,0,0,1,1,0,1,0,1,1,1,0,0,0,0,0,0,1,1,1,1,1,1,0,0,1,0,1,0,1,0
----------------(Separation Line)--------------------
0,0,0,1,0,0,0,0,1,0,1,1,1,0,0,1,1,1,0,1,0,1,0,1,0,1,0,0,1,1,0,0,1,0,0,1,1,1,1,0,0
----------------(Separation Line)--------------------
1,0,0,0,0,0,0,0,1,0,1,1,1,0,0,1,1,1,0,1,1,1,0,1,0,1,0,0,1,1,0,0,1,0,0,1,1,1,1,0,0
----------------(Separation Line)--------------------
0,1,1,1,1,0,0,0,1,0,0,0,0,1,1,1,1,0,0,1,0,0,1,1,0,1,1,0,1,1,1,0,1,1,1,1,1,1,0,0,0
----------------(Separation Line)--------------------
0,0,0,0,0,0,0,0,0,0,0,0,0,0,0,0,0,0,0,0,0,0,0,0,0,0,0,0,0,0,0,0,0,0,0,0,0,0,0,0,0
----------------(Separation Line)--------------------
0,1,0,0,1,0,0,0,1,0,0,1,1,1,0,1,1,1,1,1,1,1,0,0,1,0,0,1,0,0,1,0,0,1,0,1,0,1,1,0,1
----------------(Separation Line)--------------------
0,1,0,0,1,0,0,0,1,0,0,1,1,1,0,1,1,1,1,0,1,1,0,0,1,0,0,1,1,0,1,0,1,0,1,0,1,0,1,0,1
----------------(Separation Line)--------------------
0,1,0,0,1,0,0,0,1,0,0,1,1,1,0,1,0,0,0,0,1,0,0,0,0,0,1,1,1,1,1,0,1,1,1,0,0,1,1,0,1
----------------(Separation Line)--------------------
0,1,0,0,1,0,0,0,1,0,0,1,1,1,0,1,0,0,0,0,1,0,0,0,0,0,1,1,0,1,1,1,1,1,1,0,1,1,1,0,1
----------------(Separation Line)--------------------
1,0,1,1,0,0,1,1,1,1,1,1,0,1,1,1,0,0,1,1,1,0,1,1,0,0,1,0,0,1,0,0,1,0,0,1,1,1,0,1,0
----------------(Separation Line)--------------------
0,1,0,0,0,1,1,0,1,1,1,1,1,1,0,1,0,1,0,0,1,1,1,0,1,0,1,1,1,0,0,0,1,0,1,1,1,0,1,0,0
----------------(Separation Line)--------------------
0,1,0,1,0,0,0,0,1,0,0,0,1,1,0,0,1,0,0,0,0,1,0,1,0,0,0,1,1,1,0,1,1,0,0,1,0,0,1,0,1
----------------(Separation Line)--------------------
1,0,0,0,0,0,1,0,1,1,0,1,1,1,0,1,1,0,1,0,0,1,0,1,0,0,0,1,1,0,1,1,1,0,0,1,0,0,0,0,0
----------------(Separation Line)--------------------
1,0,0,0,0,0,1,0,1,1,0,1,1,1,0,1,1,0,1,0,1,1,0,0,0,0,0,1,0,0,1,1,1,0,0,1,0,0,0,0,0
----------------(Separation Line)--------------------
1,0,1,0,1,0,1,1,0,0,1,1,1,1,1,0,0,0,1,1,1,0,0,1,1,1,0,1,0,1,1,0,0,0,0,0,0,1,0,1,1
----------------(Separation Line)--------------------
0,0,0,0,0,0,0,0,0,0,0,0,0,0,0,0,0,0,0,0,0,0,0,0,0,0,0,0,0,0,0,0,0,0,0,0,0,0,0,0,0
----------------(Separation Line)--------------------
0,0,1,1,0,1,0,1,0,0,0,0,0,1,0,0,0,0,0,0,0,0,0,0,0,0,1,0,0,0,0,1,0,0,1,0,0,1,0,0,1
----------------(Separation Line)--------------------
0,0,0,0,0,0,0,1,0,0,0,0,0,1,1,0,0,0,0,1,0,0,0,1,0,0,1,1,1,0,0,1,1,0,0,0,0,0,1,0,0
----------------(Separation Line)--------------------
0,0,0,0,1,1,1,0,0,0,0,0,0,0,0,0,0,0,1,0,0,0,0,1,1,1,0,1,0,0,0,1,1,0,0,0,0,1,1,0,0
----------------(Separation Line)--------------------
0,0,0,0,1,1,1,0,0,0,0,0,0,0,0,0,0,0,1,0,0,0,0,1,1,1,0,1,0,0,0,1,1,1,0,0,0,1,1,0,0
----------------(Separation Line)--------------------
0,0,0,0,1,1,1,1,0,0,0,0,0,0,0,0,0,0,1,0,0,0,0,1,1,1,0,1,0,0,0,1,1,1,0,1,1,0,1,1,0
----------------(Separation Line)--------------------
0,0,0,0,1,1,1,1,0,0,0,0,1,0,1,0,0,0,1,0,0,0,0,1,1,1,0,1,0,0,0,1,0,0,1,1,1,0,1,1,0
----------------(Separation Line)--------------------
0,0,0,0,1,1,1,1,0,0,0,0,1,0,1,0,0,0,1,0,0,0,0,1,1,1,0,1,0,0,0,1,0,1,0,1,0,0,1,1,0
----------------(Separation Line)--------------------
0,0,0,0,1,1,1,1,0,0,0,0,1,0,1,0,0,0,1,0,0,0,0,1,1,1,0,1,0,0,0,1,0,1,0,1,0,0,1,0,0
----------------(Separation Line)--------------------
0,0,0,0,1,1,1,1,0,0,0,0,1,0,1,0,0,0,1,0,0,0,0,1,1,1,0,1,0,0,0,1,0,1,1,1,0,0,1,0,0
----------------(Separation Line)--------------------
0,0,1,1,1,1,1,1,0,0,0,0,0,0,0,1,0,0,0,1,0,0,0,1,0,0,1,1,1,0,0,1,1,1,1,1,0,0,1,1,0
----------------(Separation Line)--------------------
0,0,1,1,1,1,1,1,0,0,0,0,0,0,0,1,0,0,0,0,0,0,0,1,0,0,1,0,1,0,0,1,0,0,1,1,0,0,1,0,0
----------------(Separation Line)--------------------
0,0,1,1,0,1,1,1,0,0,0,0,0,0,0,1,0,0,1,0,0,0,0,1,0,0,0,1,0,0,0,1,0,1,1,0,0,0,1,1,0
----------------(Separation Line)--------------------
0,0,1,1,0,1,1,1,0,0,0,0,0,0,0,1,0,1,0,0,0,0,0,1,0,0,0,1,0,1,1,1,1,1,0,1,0,1,1,1,0
----------------(Separation Line)--------------------
0,0,0,1,1,1,0,1,0,1,1,0,0,1,0,0,0,1,0,0,1,0,0,1,0,0,0,1,1,1,1,0,1,1,0,1,0,1,1,1,0
----------------(Separation Line)--------------------
0,0,0,1,1,1,0,1,0,1,1,0,0,0,0,0,0,1,0,0,1,0,0,1,0,0,0,1,1,1,1,0,1,0,0,1,0,0,1,0,0
----------------(Separation Line)--------------------
0,0,0,1,1,0,1,1,0,1,1,0,0,0,0,0,0,1,0,0,1,0,0,1,0,0,0,1,1,1,1,0,1,0,1,1,0,0,1,0,0
----------------(Separation Line)--------------------
1,1,1,1,1,0,0,0,0,1,1,1,0,0,0,0,0,0,1,1,1,1,1,0,1,0,1,1,1,1,1,0,0,0,0,0,0,0,1,0,0
----------------(Separation Line)--------------------
1,1,1,1,1,0,0,0,0,0,1,1,0,1,0,0,0,0,1,1,1,1,1,0,1,0,1,1,1,1,1,0,1,1,0,1,0,0,0,0,1
----------------(Separation Line)--------------------
1,1,1,1,1,0,0,0,0,0,1,1,0,1,0,0,0,0,1,1,1,1,1,0,1,0,1,1,1,1,1,0,1,1,1,0,0,0,1,0,1
----------------(Separation Line)--------------------
1,0,0,1,0,1,1,1,0,0,0,1,1,1,1,0,1,1,1,1,1,0,0,1,0,0,1,0,1,1,1,0,0,1,0,0,0,0,0,1,1
----------------(Separation Line)--------------------
0,1,0,1,0,1,1,0,1,0,0,0,1,0,1,1,1,1,0,1,1,1,0,1,1,1,1,0,0,0,0,1,0,0,0,1,1,1,0,1,1
----------------(Separation Line)--------------------
0,1,0,1,0,1,1,0,1,0,0,0,1,0,1,1,1,1,0,1,1,1,0,1,1,1,1,0,0,0,0,1,0,0,0,1,0,1,0,1,1
----------------(Separation Line)--------------------
1,1,1,0,1,0,1,0,1,0,0,0,1,0,0,1,1,0,0,1,0,0,1,0,0,0,1,1,0,1,0,0,0,1,0,0,0,1,0,0,1
----------------(Separation Line)--------------------
0,1,1,1,0,1,1,1,0,0,0,1,1,1,1,1,1,0,1,1,0,1,0,1,0,0,0,0,1,0,1,0,0,1,1,0,0,1,0,0,1
----------------(Separation Line)--------------------
0,1,1,1,0,1,1,1,0,1,0,1,0,1,1,1,1,0,0,0,0,0,0,1,0,1,0,1,1,1,1,0,0,0,1,0,0,0,0,0,1
----------------(Separation Line)--------------------
0,0,0,0,0,0,0,0,0,0,0,0,0,0,0,0,0,0,0,0,0,0,0,0,0,0,0,0,0,0,0,0,0,0,0,0,0,0,0,0,0
----------------(Separation Line)--------------------
0,1,0,0,1,1,1,0,0,1,0,0,0,1,0,0,1,1,0,0,1,0,0,0,0,1,0,1,0,0,0,0,1,0,1,1,0,0,0,1,1
----------------(Separation Line)--------------------
0,1,0,0,1,1,1,0,0,1,0,0,0,1,0,0,1,1,0,0,1,0,0,0,0,1,0,1,0,0,0,0,1,0,1,1,0,0,0,0,1
----------------(Separation Line)--------------------
0,1,0,0,1,1,1,0,0,1,0,0,0,1,0,0,1,0,0,0,1,1,0,0,1,1,0,1,1,1,0,0,1,1,1,0,1,1,0,1,1
----------------(Separation Line)--------------------
0,1,0,0,1,1,1,0,0,1,0,0,0,1,0,0,1,0,0,0,1,1,0,0,1,1,0,1,1,1,0,0,1,1,1,1,1,1,0,1,1
----------------(Separation Line)--------------------
0,1,0,0,1,1,1,0,1,0,0,0,0,0,1,0,1,0,0,0,1,0,0,0,1,0,0,0,1,1,0,1,1,0,0,0,1,0,0,1,0
----------------(Separation Line)--------------------
0,1,0,0,1,1,1,0,1,0,0,0,0,1,0,0,1,0,0,0,1,0,0,0,0,0,0,0,0,1,0,1,1,0,0,0,1,0,0,1,0
----------------(Separation Line)--------------------
0,1,0,0,1,1,1,0,1,0,0,0,0,1,0,0,1,1,1,0,1,0,0,0,0,0,0,0,0,1,1,0,1,0,0,0,1,0,0,1,0
----------------(Separation Line)--------------------
1,0,0,0,1,1,1,0,1,0,0,0,1,0,0,0,1,1,1,0,1,0,0,0,1,1,0,0,0,0,1,0,1,0,0,0,1,0,1,1,0
----------------(Separation Line)--------------------
1,1,0,0,1,1,0,0,0,0,1,0,0,1,0,0,1,1,1,1,0,1,0,0,1,1,0,0,1,0,1,1,1,0,0,1,0,1,0,1,1
----------------(Separation Line)--------------------
1,1,0,0,1,1,0,0,0,0,1,0,0,1,0,0,1,1,0,1,0,1,1,0,1,1,0,0,1,0,1,1,1,0,1,1,0,1,0,1,1
----------------(Separation Line)--------------------
1,1,0,0,1,1,1,0,0,0,1,0,0,1,0,1,1,1,1,1,1,1,0,0,1,1,0,0,1,0,1,1,0,0,1,0,1,0,0,1,1
----------------(Separation Line)--------------------
1,1,1,0,1,1,0,0,0,0,0,0,0,1,0,1,1,0,1,1,1,1,1,0,1,1,1,1,0,0,1,1,0,1,1,0,1,0,0,1,1
----------------(Separation Line)--------------------
1,0,0,1,1,0,1,0,0,1,1,0,0,1,1,0,0,1,0,1,0,0,1,1,0,1,0,1,0,1,1,0,1,0,1,1,0,0,1,1,1
----------------(Separation Line)--------------------
1,0,0,1,1,0,1,0,0,1,1,0,0,1,1,0,0,1,0,1,1,0,0,1,0,1,0,1,1,1,1,0,1,0,1,1,0,0,0,1,1
----------------(Separation Line)--------------------
1,1,1,0,0,0,0,0,0,0,1,1,0,1,1,1,1,1,1,0,1,0,1,0,1,0,0,0,0,1,0,0,1,1,1,0,1,0,1,0,0
----------------(Separation Line)--------------------
0,0,0,1,1,0,0,0,1,1,1,0,1,0,1,1,1,0,1,1,1,0,0,1,1,1,0,0,1,1,1,1,0,0,0,0,1,0,1,1,0
----------------(Separation Line)--------------------
0,0,0,0,0,0,0,0,0,0,0,0,0,0,0,0,0,0,0,0,0,0,0,0,0,0,0,0,0,0,0,0,0,0,0,0,0,0,0,0,0
----------------(Separation Line)--------------------
1,0,1,0,1,0,0,1,0,1,1,0,0,1,1,0,0,0,1,0,0,1,1,1,0,1,1,1,0,0,1,0,0,0,1,0,0,0,0,0,1
----------------(Separation Line)--------------------
1,0,1,0,1,0,0,1,0,1,0,0,0,1,1,0,0,0,1,0,0,1,1,1,0,1,1,1,0,0,1,0,1,0,1,0,0,1,0,0,1
----------------(Separation Line)--------------------
1,0,1,0,1,0,0,1,0,1,1,0,0,1,1,0,0,0,1,0,0,1,1,1,0,1,1,1,0,0,1,0,1,0,1,0,0,0,0,0,1
----------------(Separation Line)--------------------
1,0,1,0,1,0,0,1,0,1,0,0,0,1,1,0,0,0,1,0,0,1,1,1,0,1,1,1,0,0,1,0,0,0,1,0,0,1,0,0,1
----------------(Separation Line)--------------------
1,0,0,0,1,0,1,1,0,1,1,0,0,1,1,0,0,0,1,0,0,1,1,1,0,1,1,1,0,0,1,0,1,0,1,0,0,0,0,0,1
----------------(Separation Line)--------------------
1,0,0,0,1,0,1,1,0,1,1,0,0,1,1,0,0,0,1,0,0,1,1,1,0,1,1,1,0,0,1,0,1,0,1,0,1,0,0,1,1
----------------(Separation Line)--------------------
1,0,0,0,0,0,1,1,0,1,1,0,0,1,1,0,0,1,1,0,0,1,0,1,0,0,0,1,0,0,1,0,0,1,0,1,1,0,0,1,1
----------------(Separation Line)--------------------
1,0,0,0,0,0,1,1,0,1,1,0,0,1,1,0,0,1,1,0,0,1,0,1,0,0,0,1,0,0,1,0,0,1,0,1,0,0,0,0,1
----------------(Separation Line)--------------------
1,0,0,0,0,1,0,0,0,1,1,0,1,1,0,0,0,1,1,0,0,1,0,1,0,0,0,1,0,1,1,1,0,1,0,1,0,0,0,0,1
----------------(Separation Line)--------------------
1,1,0,1,0,0,1,0,0,1,0,1,1,1,1,1,0,0,0,1,0,1,1,1,1,1,0,0,1,1,1,1,0,0,1,1,0,0,0,0,1
----------------(Separation Line)--------------------
1,1,0,1,0,0,1,0,0,1,0,1,1,1,1,1,0,0,0,1,0,1,1,1,1,1,0,0,1,1,1,1,1,0,1,0,0,0,0,0,1
----------------(Separation Line)--------------------
0,0,0,0,0,0,1,0,0,0,1,1,1,1,1,1,0,0,0,1,0,1,1,1,1,0,1,0,1,1,1,1,0,0,0,1,0,0,0,0,1
----------------(Separation Line)--------------------
0,0,0,0,0,0,1,0,0,0,1,1,1,1,0,0,0,0,1,1,0,1,1,1,1,0,1,0,1,1,1,1,1,0,0,0,0,1,0,0,1
----------------(Separation Line)--------------------
0,0,0,0,0,0,0,1,0,0,1,1,1,1,0,0,0,0,1,1,0,1,1,1,1,0,1,0,1,1,1,1,0,0,1,1,0,1,0,0,1
----------------(Separation Line)--------------------
0,0,0,0,0,0,0,1,1,1,0,1,1,1,0,0,1,1,1,1,1,0,0,0,1,1,1,1,1,1,0,0,1,1,0,1,0,0,1,0,1
----------------(Separation Line)--------------------
1,1,1,0,0,1,1,1,1,0,1,1,1,1,0,1,0,1,1,0,1,0,1,0,0,1,0,1,1,0,1,0,1,0,1,1,0,1,0,1,1
----------------(Separation Line)--------------------
1,1,0,0,0,1,0,0,1,1,1,1,1,1,0,0,1,1,0,1,0,0,1,1,0,1,0,0,1,1,0,1,0,0,0,0,1,0,0,0,1
----------------(Separation Line)--------------------
0,0,1,0,1,0,0,1,0,1,0,0,0,1,0,0,1,0,0,0,0,1,1,1,1,1,0,0,1,0,0,1,1,0,1,1,0,1,1,1,0
----------------(Separation Line)--------------------
0,1,0,0,0,1,1,0,0,0,1,1,0,0,0,0,1,0,1,1,0,0,1,1,0,0,0,1,0,0,0,1,0,0,0,1,1,1,1,0,0
----------------(Separation Line)--------------------
0,1,0,0,0,1,1,1,0,0,1,1,0,0,0,0,1,0,1,1,0,0,1,1,0,0,0,1,0,0,0,1,0,0,0,1,1,1,1,0,0
----------------(Separation Line)--------------------
0,1,0,0,1,1,1,1,0,0,1,1,0,0,0,0,0,1,1,1,0,0,1,0,1,1,0,1,0,0,0,1,0,0,0,1,1,1,1,0,0
----------------(Separation Line)--------------------
0,1,0,0,1,1,1,1,1,1,1,1,1,0,1,0,0,1,0,0,0,0,1,0,1,1,0,1,0,0,0,1,0,1,0,0,0,1,0,0,1
----------------(Separation Line)--------------------
1,1,0,0,1,1,0,0,1,1,0,0,1,0,1,0,0,1,0,0,1,0,0,1,1,1,1,1,0,1,0,0,1,0,0,0,0,0,0,1,0
----------------(Separation Line)--------------------
1,1,0,0,1,1,0,0,1,1,0,0,1,0,1,0,0,1,0,0,1,1,0,1,1,1,1,1,0,1,0,0,1,0,0,0,0,0,0,1,0
----------------(Separation Line)--------------------
0,0,0,0,1,1,0,0,1,0,0,0,1,0,1,0,0,1,0,0,1,1,1,1,1,1,1,1,0,1,0,0,1,0,0,0,0,0,0,1,0
----------------(Separation Line)--------------------
0,1,0,1,1,0,1,0,1,0,1,1,0,1,0,0,1,1,1,1,0,1,1,1,1,0,0,0,1,1,0,1,1,1,0,0,0,1,1,0,1
----------------(Separation Line)--------------------
0,0,1,1,1,1,0,0,1,1,0,0,0,1,0,0,1,1,0,0,1,1,1,0,1,1,0,0,0,1,0,1,1,1,1,1,0,1,0,0,1
----------------(Separation Line)--------------------
0,0,1,1,0,1,1,0,1,1,0,0,0,1,0,0,1,1,0,0,1,1,1,0,1,1,0,0,0,1,0,1,0,0,0,0,0,1,0,0,1
----------------(Separation Line)--------------------
1,0,1,1,1,0,0,0,1,0,1,1,0,0,0,0,0,0,1,0,0,1,0,0,0,1,0,0,1,1,0,1,1,1,0,1,1,0,0,0,1
----------------(Separation Line)--------------------
0,0,1,1,1,0,1,0,1,1,1,1,1,1,0,0,0,0,0,1,1,1,0,1,1,1,0,0,0,1,1,1,1,0,1,0,0,1,0,1,1
----------------(Separation Line)--------------------
0,0,0,0,0,0,0,0,0,1,1,1,0,1,1,0,0,1,1,1,0,1,0,1,0,0,1,1,0,1,1,0,1,1,1,0,0,0,0,0,1
----------------(Separation Line)--------------------
