============================[ Problem Statistics ]=============================
|                                                                             |
|  Number of variables:        283841                                         |
|  Number of clauses:          868643                                         |
|  Parse time:                   0.63 s                                       |
|  Eliminated clauses:           8.28 Mb                                      |
|  Simplification time:          1.92 s                                       |
|                                                                             |
============================[ Search Statistics ]==============================
| Conflicts |          ORIGINAL         |          LEARNT          | Progress |
|           |    Vars  Clauses Literals |    Limit  Clauses Lit/Cl |          |
===============================================================================
|       100 |   50124   341168   992026 |   125094      100     36 |  4.990 % |
|       250 |   50032   341168   992026 |   137604      247     18 |  5.022 % |
|       475 |   50032   341168   992026 |   151364      472     16 |  5.022 % |
|       812 |   50022   341168   992026 |   166501      808     14 |  5.026 % |
|      1318 |   50022   341168   992026 |   183151     1314     18 |  5.026 % |
|      2077 |   50016   341168   992026 |   201466     2072     17 |  5.028 % |
|      3216 |   50016   340345   989488 |   221613     3167     19 |  5.028 % |
|      4924 |   49435   340345   989488 |   243774     4867     16 |  5.233 % |
|      7486 |   49264   335853   975614 |   268152     7169     16 |  5.293 % |
|     11330 |   48735   333900   969572 |   294967    10948     17 |  5.479 % |
|     17096 |   48559   329218   955134 |   324464    16485     16 |  5.541 % |
|     25745 |   48470   328872   954065 |   356910    25104     19 |  5.572 % |
|     38719 |   47824   320347   931462 |   392601    36226     18 |  5.800 % |
|     58180 |   47015   312351   910686 |   431861    54905     19 |  6.085 % |
|     87372 |   46831   309686   902435 |   475047    83556     21 |  6.150 % |
|    131161 |   46792   309405   901586 |   522552   127328     28 |  6.164 % |
|    196845 |   46487   307098   894426 |   574807   191965     33 |  6.271 % |
|    295371 |   46284   305503   889273 |   632288   288321     35 |  6.343 % |
===============================================================================
restarts              : 1021
conflicts             : 425001         (4444 /sec)
decisions             : 1089825        (0.00 % random) (11396 /sec)
propagations          : 217251326      (2271660 /sec)
conflict literals     : 13463073       (25.82 % deleted)
Memory used           : 187.46 MB
CPU time              : 95.6355 s

UNSATISFIABLE
