============================[ Problem Statistics ]=============================
|                                                                             |
|  Number of variables:           535                                         |
|  Number of clauses:            1704                                         |
|  Parse time:                   0.00 s                                       |
|  Eliminated clauses:           0.01 Mb                                      |
|  Simplification time:          0.00 s                                       |
|                                                                             |
============================[ Search Statistics ]==============================
| Conflicts |          ORIGINAL         |          LEARNT          | Progress |
|           |    Vars  Clauses Literals |    Limit  Clauses Lit/Cl |          |
===============================================================================
|       100 |     294     1319     4400 |      483      100      9 |  1.683 % |
|       250 |     294     1319     4400 |      531      250     15 |  1.683 % |
|       475 |     294     1319     4400 |      585      475     20 |  1.686 % |
|       812 |     294     1319     4400 |      643      510     16 |  1.683 % |
|      1318 |     294     1319     4400 |      708      641     17 |  1.683 % |
|      2077 |     294     1319     4400 |      778      652     15 |  1.683 % |
|      3216 |     294     1319     4400 |      856      528     12 |  1.683 % |
|      4924 |     294     1319     4400 |      942      448     10 |  1.686 % |
===============================================================================
restarts              : 30
conflicts             : 6147           (108497 /sec)
decisions             : 17077          (0.00 % random) (301416 /sec)
propagations          : 183139         (3232473 /sec)
conflict literals     : 82439          (22.54 % deleted)
Memory used           : 1.20 MB
CPU time              : 0.056656 s

UNSATISFIABLE
============================[ Problem Statistics ]=============================
|                                                                             |
|  Number of variables:           695                                         |
|  Number of clauses:            2036                                         |
|  Parse time:                   0.00 s                                       |
|  Eliminated clauses:           0.01 Mb                                      |
|  Simplification time:          0.00 s                                       |
|                                                                             |
============================[ Search Statistics ]==============================
| Conflicts |          ORIGINAL         |          LEARNT          | Progress |
|           |    Vars  Clauses Literals |    Limit  Clauses Lit/Cl |          |
===============================================================================
|       100 |     294     1319     4400 |      483      100      6 | 13.957 % |
|       250 |     294     1319     4400 |      531      250     11 | 13.957 % |
|       475 |     294     1319     4400 |      585      475     17 | 13.957 % |
|       812 |     294     1319     4400 |      643      468     14 | 13.957 % |
|      1318 |     294     1319     4400 |      708      544     16 | 13.957 % |
|      2077 |     294     1319     4400 |      778      478     14 | 13.957 % |
|      3216 |     294     1319     4400 |      856      711     10 | 13.957 % |
|      4924 |     294     1319     4400 |      942      913     11 | 13.957 % |
===============================================================================
restarts              : 31
conflicts             : 7273           (121897 /sec)
decisions             : 18852          (0.00 % random) (315964 /sec)
propagations          : 192432         (3225207 /sec)
conflict literals     : 96790          (23.61 % deleted)
Memory used           : 1.25 MB
CPU time              : 0.059665 s

UNSATISFIABLE
============================[ Problem Statistics ]=============================
|                                                                             |
|  Number of variables:           855                                         |
|  Number of clauses:            2369                                         |
|  Parse time:                   0.00 s                                       |
|  Eliminated clauses:           0.02 Mb                                      |
|  Simplification time:          0.00 s                                       |
|                                                                             |
============================[ Search Statistics ]==============================
| Conflicts |          ORIGINAL         |          LEARNT          | Progress |
|           |    Vars  Clauses Literals |    Limit  Clauses Lit/Cl |          |
===============================================================================
|       100 |     297     1329     4425 |      487      100      9 | 20.702 % |
|       250 |     297     1329     4425 |      536      250     14 | 20.702 % |
|       475 |     297     1329     4425 |      589      475     16 | 20.702 % |
|       812 |     297     1329     4425 |      648      411     12 | 20.702 % |
|      1318 |     297     1329     4425 |      713      492     15 | 20.702 % |
|      2077 |     297     1329     4425 |      784      762     13 | 20.702 % |
|      3216 |     297     1329     4425 |      863      872     11 | 20.702 % |
===============================================================================
restarts              : 25
conflicts             : 4654           (115007 /sec)
decisions             : 11615          (0.00 % random) (287024 /sec)
propagations          : 120163         (2969407 /sec)
conflict literals     : 57293          (21.44 % deleted)
Memory used           : 1.17 MB
CPU time              : 0.040467 s

UNSATISFIABLE
============================[ Problem Statistics ]=============================
|                                                                             |
|  Number of variables:          1015                                         |
|  Number of clauses:            2702                                         |
|  Parse time:                   0.00 s                                       |
|  Eliminated clauses:           0.02 Mb                                      |
|  Simplification time:          0.00 s                                       |
|                                                                             |
============================[ Search Statistics ]==============================
| Conflicts |          ORIGINAL         |          LEARNT          | Progress |
|           |    Vars  Clauses Literals |    Limit  Clauses Lit/Cl |          |
===============================================================================
|       100 |     298     1332     4433 |      488      100      6 | 26.503 % |
|       250 |     298     1332     4433 |      537      250     11 | 26.503 % |
|       475 |     298     1332     4433 |      590      475     17 | 26.503 % |
|       812 |     298     1332     4433 |      650      812     19 | 26.503 % |
|      1318 |     298     1332     4433 |      715      794     17 | 26.503 % |
|      2077 |     298     1332     4433 |      786     1012     12 | 26.503 % |
|      3216 |     298     1332     4433 |      865     1032     13 | 26.503 % |
|      4924 |     286     1254     4147 |      951      694     11 | 27.685 % |
===============================================================================
restarts              : 29
conflicts             : 5270           (104346 /sec)
decisions             : 12176          (0.00 % random) (241085 /sec)
propagations          : 138696         (2746184 /sec)
conflict literals     : 75750          (20.75 % deleted)
Memory used           : 1.19 MB
CPU time              : 0.050505 s

UNSATISFIABLE
============================[ Problem Statistics ]=============================
|                                                                             |
|  Number of variables:          1175                                         |
|  Number of clauses:            3034                                         |
|  Parse time:                   0.00 s                                       |
|  Eliminated clauses:           0.02 Mb                                      |
|  Simplification time:          0.00 s                                       |
|                                                                             |
============================[ Search Statistics ]==============================
| Conflicts |          ORIGINAL         |          LEARNT          | Progress |
|           |    Vars  Clauses Literals |    Limit  Clauses Lit/Cl |          |
===============================================================================
|       100 |     300     1341     4459 |      491      100      6 | 29.872 % |
|       250 |     300     1341     4459 |      540      250     18 | 29.872 % |
|       475 |     300     1341     4459 |      594      475     14 | 29.872 % |
|       812 |     300     1341     4459 |      654      812     13 | 29.873 % |
|      1318 |     300     1341     4459 |      719      787     13 | 29.873 % |
|      2077 |     300     1341     4459 |      791     1008     13 | 29.873 % |
|      3216 |     300     1341     4459 |      871      928      8 | 29.873 % |
===============================================================================
restarts              : 25
conflicts             : 4732           (107624 /sec)
decisions             : 12817          (0.00 % random) (291507 /sec)
propagations          : 128829         (2930063 /sec)
conflict literals     : 58178          (20.67 % deleted)
Memory used           : 1.44 MB
CPU time              : 0.043968 s

UNSATISFIABLE
============================[ Problem Statistics ]=============================
|                                                                             |
|  Number of variables:          1319                                         |
|  Number of clauses:            3333                                         |
|  Parse time:                   0.00 s                                       |
|  Eliminated clauses:           0.02 Mb                                      |
|  Simplification time:          0.00 s                                       |
|                                                                             |
============================[ Search Statistics ]==============================
| Conflicts |          ORIGINAL         |          LEARNT          | Progress |
|           |    Vars  Clauses Literals |    Limit  Clauses Lit/Cl |          |
===============================================================================
|       100 |     303     1351     4489 |      495      100      7 | 33.131 % |
|       250 |     303     1351     4489 |      544      250     13 | 33.131 % |
|       475 |     303     1351     4489 |      599      475     12 | 33.131 % |
|       812 |     303     1351     4489 |      659      812     13 | 33.131 % |
|      1318 |     303     1351     4489 |      725      726     15 | 33.131 % |
|      2077 |     303     1351     4489 |      797      892     12 | 33.131 % |
|      3216 |     303     1351     4489 |      877      742     11 | 33.131 % |
===============================================================================
restarts              : 23
conflicts             : 4497           (97037 /sec)
decisions             : 12344          (0.00 % random) (266362 /sec)
propagations          : 123466         (2664178 /sec)
conflict literals     : 55894          (21.60 % deleted)
Memory used           : 1.34 MB
CPU time              : 0.046343 s

UNSATISFIABLE
============================[ Problem Statistics ]=============================
|                                                                             |
|  Number of variables:           535                                         |
|  Number of clauses:            1704                                         |
|  Parse time:                   0.00 s                                       |
|  Eliminated clauses:           0.01 Mb                                      |
|  Simplification time:          0.00 s                                       |
|                                                                             |
============================[ Search Statistics ]==============================
| Conflicts |          ORIGINAL         |          LEARNT          | Progress |
|           |    Vars  Clauses Literals |    Limit  Clauses Lit/Cl |          |
===============================================================================
|       100 |     294     1319     4400 |      483      100      9 |  1.683 % |
|       250 |     294     1319     4400 |      531      250     15 |  1.683 % |
|       475 |     294     1319     4400 |      585      475     20 |  1.686 % |
|       812 |     294     1319     4400 |      643      510     16 |  1.683 % |
|      1318 |     294     1319     4400 |      708      641     17 |  1.683 % |
|      2077 |     294     1319     4400 |      778      652     15 |  1.683 % |
|      3216 |     294     1319     4400 |      856      528     12 |  1.683 % |
|      4924 |     294     1319     4400 |      942      448     10 |  1.686 % |
===============================================================================
restarts              : 30
conflicts             : 6147           (108541 /sec)
decisions             : 17077          (0.00 % random) (301538 /sec)
propagations          : 183139         (3233786 /sec)
conflict literals     : 82439          (22.54 % deleted)
Memory used           : 1.02 MB
CPU time              : 0.056633 s

UNSATISFIABLE
============================[ Problem Statistics ]=============================
|                                                                             |
|  Number of variables:           695                                         |
|  Number of clauses:            2036                                         |
|  Parse time:                   0.00 s                                       |
|  Eliminated clauses:           0.01 Mb                                      |
|  Simplification time:          0.00 s                                       |
|                                                                             |
============================[ Search Statistics ]==============================
| Conflicts |          ORIGINAL         |          LEARNT          | Progress |
|           |    Vars  Clauses Literals |    Limit  Clauses Lit/Cl |          |
===============================================================================
|       100 |     294     1319     4400 |      483      100      6 | 13.957 % |
|       250 |     294     1319     4400 |      531      250     11 | 13.957 % |
|       475 |     294     1319     4400 |      585      475     17 | 13.957 % |
|       812 |     294     1319     4400 |      643      468     14 | 13.957 % |
|      1318 |     294     1319     4400 |      708      544     16 | 13.957 % |
|      2077 |     294     1319     4400 |      778      478     14 | 13.957 % |
|      3216 |     294     1319     4400 |      856      711     10 | 13.957 % |
|      4924 |     294     1319     4400 |      942      913     11 | 13.957 % |
===============================================================================
restarts              : 31
conflicts             : 7273           (98594 /sec)
decisions             : 18852          (0.00 % random) (255561 /sec)
propagations          : 192432         (2608646 /sec)
conflict literals     : 96790          (23.61 % deleted)
Memory used           : 1.21 MB
CPU time              : 0.073767 s

UNSATISFIABLE
============================[ Problem Statistics ]=============================
|                                                                             |
|  Number of variables:           855                                         |
|  Number of clauses:            2369                                         |
|  Parse time:                   0.00 s                                       |
|  Eliminated clauses:           0.02 Mb                                      |
|  Simplification time:          0.00 s                                       |
|                                                                             |
============================[ Search Statistics ]==============================
| Conflicts |          ORIGINAL         |          LEARNT          | Progress |
|           |    Vars  Clauses Literals |    Limit  Clauses Lit/Cl |          |
===============================================================================
|       100 |     297     1329     4425 |      487      100      9 | 20.702 % |
|       250 |     297     1329     4425 |      536      250     14 | 20.702 % |
|       475 |     297     1329     4425 |      589      475     16 | 20.702 % |
|       812 |     297     1329     4425 |      648      411     12 | 20.702 % |
|      1318 |     297     1329     4425 |      713      492     15 | 20.702 % |
|      2077 |     297     1329     4425 |      784      762     13 | 20.702 % |
|      3216 |     297     1329     4425 |      863      872     11 | 20.702 % |
===============================================================================
restarts              : 25
conflicts             : 4654           (112231 /sec)
decisions             : 11615          (0.00 % random) (280095 /sec)
propagations          : 120163         (2897728 /sec)
conflict literals     : 57293          (21.44 % deleted)
Memory used           : 1.80 MB
CPU time              : 0.041468 s

UNSATISFIABLE
============================[ Problem Statistics ]=============================
|                                                                             |
|  Number of variables:          1015                                         |
|  Number of clauses:            2702                                         |
|  Parse time:                   0.00 s                                       |
|  Eliminated clauses:           0.02 Mb                                      |
|  Simplification time:          0.00 s                                       |
|                                                                             |
============================[ Search Statistics ]==============================
| Conflicts |          ORIGINAL         |          LEARNT          | Progress |
|           |    Vars  Clauses Literals |    Limit  Clauses Lit/Cl |          |
===============================================================================
|       100 |     298     1332     4433 |      488      100      6 | 26.503 % |
|       250 |     298     1332     4433 |      537      250     11 | 26.503 % |
|       475 |     298     1332     4433 |      590      475     17 | 26.503 % |
|       812 |     298     1332     4433 |      650      812     19 | 26.503 % |
|      1318 |     298     1332     4433 |      715      794     17 | 26.503 % |
|      2077 |     298     1332     4433 |      786     1012     12 | 26.503 % |
|      3216 |     298     1332     4433 |      865     1032     13 | 26.503 % |
|      4924 |     286     1254     4147 |      951      694     11 | 27.685 % |
===============================================================================
restarts              : 29
conflicts             : 5270           (109397 /sec)
decisions             : 12176          (0.00 % random) (252756 /sec)
propagations          : 138696         (2879123 /sec)
conflict literals     : 75750          (20.75 % deleted)
Memory used           : 1.39 MB
CPU time              : 0.048173 s

UNSATISFIABLE
============================[ Problem Statistics ]=============================
|                                                                             |
|  Number of variables:          1175                                         |
|  Number of clauses:            3034                                         |
|  Parse time:                   0.00 s                                       |
|  Eliminated clauses:           0.02 Mb                                      |
|  Simplification time:          0.00 s                                       |
|                                                                             |
============================[ Search Statistics ]==============================
| Conflicts |          ORIGINAL         |          LEARNT          | Progress |
|           |    Vars  Clauses Literals |    Limit  Clauses Lit/Cl |          |
===============================================================================
|       100 |     300     1341     4459 |      491      100      6 | 29.872 % |
|       250 |     300     1341     4459 |      540      250     18 | 29.872 % |
|       475 |     300     1341     4459 |      594      475     14 | 29.872 % |
|       812 |     300     1341     4459 |      654      812     13 | 29.873 % |
|      1318 |     300     1341     4459 |      719      787     13 | 29.873 % |
|      2077 |     300     1341     4459 |      791     1008     13 | 29.873 % |
|      3216 |     300     1341     4459 |      871      928      8 | 29.873 % |
===============================================================================
restarts              : 25
conflicts             : 4732           (107484 /sec)
decisions             : 12817          (0.00 % random) (291130 /sec)
propagations          : 128829         (2926269 /sec)
conflict literals     : 58178          (20.67 % deleted)
Memory used           : 1.38 MB
CPU time              : 0.044025 s

UNSATISFIABLE
============================[ Problem Statistics ]=============================
|                                                                             |
|  Number of variables:          1319                                         |
|  Number of clauses:            3333                                         |
|  Parse time:                   0.00 s                                       |
|  Eliminated clauses:           0.02 Mb                                      |
|  Simplification time:          0.00 s                                       |
|                                                                             |
============================[ Search Statistics ]==============================
| Conflicts |          ORIGINAL         |          LEARNT          | Progress |
|           |    Vars  Clauses Literals |    Limit  Clauses Lit/Cl |          |
===============================================================================
|       100 |     303     1351     4489 |      495      100      7 | 33.131 % |
|       250 |     303     1351     4489 |      544      250     13 | 33.131 % |
|       475 |     303     1351     4489 |      599      475     12 | 33.131 % |
|       812 |     303     1351     4489 |      659      812     13 | 33.131 % |
|      1318 |     303     1351     4489 |      725      726     15 | 33.131 % |
|      2077 |     303     1351     4489 |      797      892     12 | 33.131 % |
|      3216 |     303     1351     4489 |      877      742     11 | 33.131 % |
===============================================================================
restarts              : 23
conflicts             : 4497           (100744 /sec)
decisions             : 12344          (0.00 % random) (276536 /sec)
propagations          : 123466         (2765939 /sec)
conflict literals     : 55894          (21.60 % deleted)
Memory used           : 1.31 MB
CPU time              : 0.044638 s

UNSATISFIABLE
============================[ Problem Statistics ]=============================
|                                                                             |
|  Number of variables:          1415                                         |
|  Number of clauses:            3533                                         |
|  Parse time:                   0.00 s                                       |
|  Eliminated clauses:           0.03 Mb                                      |
|  Simplification time:          0.00 s                                       |
|                                                                             |
============================[ Search Statistics ]==============================
| Conflicts |          ORIGINAL         |          LEARNT          | Progress |
|           |    Vars  Clauses Literals |    Limit  Clauses Lit/Cl |          |
===============================================================================
|       100 |     305     1357     4507 |      497      100     11 | 33.145 % |
|       250 |     305     1357     4507 |      547      250     18 | 33.145 % |
|       475 |     305     1357     4507 |      602      475     16 | 33.145 % |
|       812 |     305     1357     4507 |      662      812     15 | 33.145 % |
|      1318 |     305     1357     4507 |      728      716     17 | 33.145 % |
|      2077 |     305     1357     4507 |      801      872     15 | 33.145 % |
|      3216 |     305     1357     4507 |      881      680     12 | 33.145 % |
|      4924 |     305     1357     4507 |      969      995     11 | 33.145 % |
===============================================================================
restarts              : 29
conflicts             : 5378           (88975 /sec)
decisions             : 14581          (0.00 % random) (241232 /sec)
propagations          : 157239         (2601400 /sec)
conflict literals     : 76163          (20.77 % deleted)
Memory used           : 1.37 MB
CPU time              : 0.060444 s

UNSATISFIABLE
============================[ Problem Statistics ]=============================
|                                                                             |
|  Number of variables:           752                                         |
|  Number of clauses:            2280                                         |
|  Parse time:                   0.00 s                                       |
|  Eliminated clauses:           0.01 Mb                                      |
|  Simplification time:          0.00 s                                       |
|                                                                             |
============================[ Search Statistics ]==============================
| Conflicts |          ORIGINAL         |          LEARNT          | Progress |
|           |    Vars  Clauses Literals |    Limit  Clauses Lit/Cl |          |
===============================================================================
|       100 |     294     1319     4400 |      483      100      9 | 20.346 % |
|       250 |     294     1319     4400 |      531      250     11 | 20.346 % |
|       475 |     294     1319     4400 |      585      475     12 | 20.346 % |
|       812 |     294     1319     4400 |      643      412     12 | 20.346 % |
|      1318 |     294     1319     4400 |      708      517     15 | 20.346 % |
|      2077 |     294     1319     4400 |      778      823     14 | 20.346 % |
|      3216 |     294     1319     4400 |      856      529      9 | 20.346 % |
===============================================================================
restarts              : 26
conflicts             : 4911           (106478 /sec)
decisions             : 15595          (0.00 % random) (338125 /sec)
propagations          : 136353         (2956355 /sec)
conflict literals     : 58448          (20.12 % deleted)
Memory used           : 1.16 MB
CPU time              : 0.046122 s

UNSATISFIABLE
============================[ Problem Statistics ]=============================
|                                                                             |
|  Number of variables:           930                                         |
|  Number of clauses:            2684                                         |
|  Parse time:                   0.00 s                                       |
|  Eliminated clauses:           0.02 Mb                                      |
|  Simplification time:          0.00 s                                       |
|                                                                             |
============================[ Search Statistics ]==============================
| Conflicts |          ORIGINAL         |          LEARNT          | Progress |
|           |    Vars  Clauses Literals |    Limit  Clauses Lit/Cl |          |
===============================================================================
|       100 |     294     1319     4400 |      483      100      6 | 27.850 % |
|       250 |     294     1319     4400 |      531      250     17 | 27.850 % |
|       475 |     294     1319     4400 |      585      475     17 | 27.850 % |
|       812 |     294     1319     4400 |      643      812     19 | 27.850 % |
|      1318 |     294     1319     4400 |      708      783     17 | 27.850 % |
|      2077 |     294     1319     4400 |      778     1007     13 | 27.850 % |
|      3216 |     294     1319     4400 |      856     1037      9 | 27.851 % |
===============================================================================
restarts              : 22
conflicts             : 4387           (101328 /sec)
decisions             : 11476          (0.00 % random) (265065 /sec)
propagations          : 111776         (2581730 /sec)
conflict literals     : 56882          (21.63 % deleted)
Memory used           : 1.15 MB
CPU time              : 0.043295 s

UNSATISFIABLE
============================[ Problem Statistics ]=============================
|                                                                             |
|  Number of variables:          1106                                         |
|  Number of clauses:            3081                                         |
|  Parse time:                   0.00 s                                       |
|  Eliminated clauses:           0.02 Mb                                      |
|  Simplification time:          0.00 s                                       |
|                                                                             |
============================[ Search Statistics ]==============================
| Conflicts |          ORIGINAL         |          LEARNT          | Progress |
|           |    Vars  Clauses Literals |    Limit  Clauses Lit/Cl |          |
===============================================================================
|       100 |     296     1328     4426 |      486      100      5 | 32.550 % |
|       250 |     296     1328     4426 |      535      250     15 | 32.550 % |
|       475 |     296     1328     4426 |      589      475     15 | 32.550 % |
|       812 |     296     1328     4426 |      648      812     15 | 32.550 % |
|      1318 |     296     1328     4426 |      712      745     16 | 32.550 % |
|      2077 |     296     1328     4426 |      784      956     16 | 32.550 % |
|      3216 |     296     1328     4426 |      862      863     11 | 32.550 % |
|      4924 |     296     1328     4426 |      948      650     11 | 32.550 % |
===============================================================================
restarts              : 30
conflicts             : 6357           (100815 /sec)
decisions             : 14894          (0.00 % random) (236203 /sec)
propagations          : 174929         (2774185 /sec)
conflict literals     : 85686          (21.34 % deleted)
Memory used           : 1.33 MB
CPU time              : 0.063056 s

UNSATISFIABLE
============================[ Problem Statistics ]=============================
|                                                                             |
|  Number of variables:          1280                                         |
|  Number of clauses:            3470                                         |
|  Parse time:                   0.00 s                                       |
|  Eliminated clauses:           0.02 Mb                                      |
|  Simplification time:          0.00 s                                       |
|                                                                             |
============================[ Search Statistics ]==============================
| Conflicts |          ORIGINAL         |          LEARNT          | Progress |
|           |    Vars  Clauses Literals |    Limit  Clauses Lit/Cl |          |
===============================================================================
|       100 |     299     1331     4420 |      488      100      6 | 35.938 % |
|       250 |     299     1331     4420 |      536      250     12 | 35.938 % |
|       475 |     299     1331     4420 |      590      475     14 | 35.938 % |
|       812 |     299     1331     4420 |      649      812     17 | 35.938 % |
|      1318 |     299     1331     4420 |      714      746     15 | 35.938 % |
|      2077 |     299     1331     4420 |      785      889     13 | 35.938 % |
|      3216 |     299     1331     4420 |      864      740      9 | 35.938 % |
===============================================================================
restarts              : 25
conflicts             : 4635           (97898 /sec)
decisions             : 11208          (0.00 % random) (236730 /sec)
propagations          : 130749         (2761622 /sec)
conflict literals     : 61426          (24.54 % deleted)
Memory used           : 1.22 MB
CPU time              : 0.047345 s

UNSATISFIABLE
============================[ Problem Statistics ]=============================
|                                                                             |
|  Number of variables:          1450                                         |
|  Number of clauses:            3842                                         |
|  Parse time:                   0.00 s                                       |
|  Eliminated clauses:           0.02 Mb                                      |
|  Simplification time:          0.00 s                                       |
|                                                                             |
============================[ Search Statistics ]==============================
| Conflicts |          ORIGINAL         |          LEARNT          | Progress |
|           |    Vars  Clauses Literals |    Limit  Clauses Lit/Cl |          |
===============================================================================
|       100 |     299     1336     4443 |      489      100      6 | 38.828 % |
|       250 |     299     1336     4443 |      538      250     12 | 38.828 % |
|       475 |     299     1336     4443 |      592      475     15 | 38.828 % |
|       812 |     299     1336     4443 |      652      812     17 | 38.828 % |
|      1318 |     299     1336     4443 |      717      666     15 | 38.828 % |
|      2077 |     299     1336     4443 |      788      748     12 | 38.828 % |
|      3216 |     299     1336     4443 |      867     1192     15 | 38.828 % |
|      4924 |     299     1336     4443 |      954     1399     11 | 38.828 % |
===============================================================================
restarts              : 29
conflicts             : 5242           (92008 /sec)
decisions             : 13204          (0.00 % random) (231759 /sec)
propagations          : 143572         (2520001 /sec)
conflict literals     : 76337          (20.32 % deleted)
Memory used           : 1.20 MB
CPU time              : 0.056973 s

UNSATISFIABLE
============================[ Problem Statistics ]=============================
|                                                                             |
|  Number of variables:          1618                                         |
|  Number of clauses:            4237                                         |
|  Parse time:                   0.00 s                                       |
|  Eliminated clauses:           0.03 Mb                                      |
|  Simplification time:          0.01 s                                       |
|                                                                             |
============================[ Search Statistics ]==============================
| Conflicts |          ORIGINAL         |          LEARNT          | Progress |
|           |    Vars  Clauses Literals |    Limit  Clauses Lit/Cl |          |
===============================================================================
|       100 |     304     1351     4479 |      495      100      7 | 40.977 % |
|       250 |     304     1351     4479 |      544      250     13 | 40.977 % |
|       475 |     304     1351     4479 |      599      475     26 | 40.977 % |
|       812 |     304     1351     4479 |      659      812     21 | 40.977 % |
|      1318 |     304     1351     4479 |      725     1318     18 | 40.977 % |
|      2077 |     304     1351     4479 |      797     1377     14 | 40.977 % |
|      3216 |     304     1351     4479 |      877      989     11 | 40.977 % |
|      4924 |     304     1351     4479 |      965     1112     11 | 40.977 % |
===============================================================================
restarts              : 30
conflicts             : 6036           (89134 /sec)
decisions             : 14251          (0.00 % random) (210446 /sec)
propagations          : 169615         (2504725 /sec)
conflict literals     : 83543          (23.72 % deleted)
Memory used           : 1.57 MB
CPU time              : 0.067718 s

UNSATISFIABLE
============================[ Problem Statistics ]=============================
|                                                                             |
|  Number of variables:          1724                                         |
|  Number of clauses:            4477                                         |
|  Parse time:                   0.00 s                                       |
|  Eliminated clauses:           0.03 Mb                                      |
|  Simplification time:          0.01 s                                       |
|                                                                             |
============================[ Search Statistics ]==============================
| Conflicts |          ORIGINAL         |          LEARNT          | Progress |
|           |    Vars  Clauses Literals |    Limit  Clauses Lit/Cl |          |
===============================================================================
|       100 |     307     1365     4522 |      500      100     10 | 41.531 % |
|       250 |     307     1365     4522 |      550      250     12 | 41.531 % |
|       475 |     307     1365     4522 |      605      475     15 | 41.531 % |
|       812 |     307     1365     4522 |      666      812     15 | 41.531 % |
|      1318 |     307     1365     4522 |      732     1318     16 | 41.531 % |
|      2077 |     307     1365     4522 |      806     1288     14 | 41.532 % |
|      3216 |     307     1365     4522 |      886      829     17 | 41.531 % |
|      4924 |     297     1291     4246 |      975      906     10 | 42.111 % |
===============================================================================
restarts              : 28
conflicts             : 5156           (84924 /sec)
decisions             : 11827          (0.00 % random) (194802 /sec)
propagations          : 142076         (2340125 /sec)
conflict literals     : 73610          (24.15 % deleted)
Memory used           : 1.17 MB
CPU time              : 0.060713 s

UNSATISFIABLE
============================[ Problem Statistics ]=============================
|                                                                             |
|  Number of variables:           929                                         |
|  Number of clauses:            2509                                         |
|  Parse time:                   0.00 s                                       |
|  Eliminated clauses:           0.02 Mb                                      |
|  Simplification time:          0.00 s                                       |
|                                                                             |
============================[ Search Statistics ]==============================
| Conflicts |          ORIGINAL         |          LEARNT          | Progress |
|           |    Vars  Clauses Literals |    Limit  Clauses Lit/Cl |          |
===============================================================================
|       100 |     338     1368     4288 |      501       98     17 |  1.938 % |
|       250 |     338     1362     4268 |      551      243     12 |  1.938 % |
|       475 |     338     1362     4268 |      606      468     11 |  1.938 % |
|       812 |     332     1358     4254 |      667      458     10 |  2.584 % |
|      1318 |     332     1340     4192 |      734      559     12 |  2.584 % |
|      2077 |     332     1340     4192 |      807      489     10 |  2.584 % |
|      3216 |     331     1336     4176 |      888      690     11 |  2.691 % |
|      4924 |     331     1336     4176 |      977      490      7 |  2.691 % |
|      7486 |     331     1336     4176 |     1075      973      8 |  2.692 % |
|     11330 |     330     1332     4161 |     1182      691      8 |  2.799 % |
===============================================================================
restarts              : 63
conflicts             : 16366          (92750 /sec)
decisions             : 33267          (0.00 % random) (188532 /sec)
propagations          : 675763         (3829705 /sec)
conflict literals     : 177085         (27.22 % deleted)
Memory used           : 1.45 MB
CPU time              : 0.176453 s

UNSATISFIABLE
============================[ Problem Statistics ]=============================
|                                                                             |
|  Number of variables:          1089                                         |
|  Number of clauses:            2849                                         |
|  Parse time:                   0.00 s                                       |
|  Eliminated clauses:           0.03 Mb                                      |
|  Simplification time:          0.00 s                                       |
|                                                                             |
============================[ Search Statistics ]==============================
| Conflicts |          ORIGINAL         |          LEARNT          | Progress |
|           |    Vars  Clauses Literals |    Limit  Clauses Lit/Cl |          |
===============================================================================
|       100 |     338     1371     4329 |      502       98     14 | 11.570 % |
|       250 |     338     1371     4329 |      552      248     13 | 11.570 % |
|       475 |     335     1363     4303 |      608      463     13 | 11.846 % |
|       812 |     332     1349     4257 |      669      397      7 | 12.121 % |
|      1318 |     332     1343     4237 |      736      814      8 | 12.121 % |
|      2077 |     329     1334     4204 |      809      654      9 | 12.397 % |
|      3216 |     329     1330     4188 |      890      679      9 | 12.397 % |
|      4924 |     329     1330     4188 |      979      772      8 | 12.397 % |
|      7486 |     329     1330     4188 |     1077      964      8 | 12.397 % |
|     11330 |     329     1330     4188 |     1185     1023     10 | 12.397 % |
|     17096 |     322     1244     3822 |     1303      840      7 | 13.041 % |
===============================================================================
restarts              : 63
conflicts             : 17606          (92272 /sec)
decisions             : 33541          (0.00 % random) (175787 /sec)
propagations          : 669834         (3510568 /sec)
conflict literals     : 185297         (28.61 % deleted)
Memory used           : 1.64 MB
CPU time              : 0.190805 s

UNSATISFIABLE
============================[ Problem Statistics ]=============================
|                                                                             |
|  Number of variables:          1249                                         |
|  Number of clauses:            3189                                         |
|  Parse time:                   0.00 s                                       |
|  Eliminated clauses:           0.03 Mb                                      |
|  Simplification time:          0.00 s                                       |
|                                                                             |
============================[ Search Statistics ]==============================
| Conflicts |          ORIGINAL         |          LEARNT          | Progress |
|           |    Vars  Clauses Literals |    Limit  Clauses Lit/Cl |          |
===============================================================================
|       100 |     338     1372     4332 |      503       98     27 | 17.934 % |
|       250 |     338     1366     4312 |      553      244     17 | 17.934 % |
|       475 |     338     1366     4312 |      608      469     19 | 17.935 % |
|       812 |     332     1362     4298 |      669      795     15 | 18.415 % |
|      1318 |     331     1338     4210 |      736      720     11 | 18.495 % |
|      2077 |     331     1338     4210 |      810      978     10 | 18.496 % |
|      3216 |     331     1338     4210 |      891     1002      9 | 18.496 % |
|      4924 |     331     1338     4210 |      980      966      9 | 18.496 % |
|      7486 |     331     1338     4210 |     1078      999     10 | 18.495 % |
|     11330 |     331     1338     4210 |     1186      761      8 | 18.496 % |
|     17096 |     305     1128     3500 |     1304      641      6 | 20.577 % |
===============================================================================
restarts              : 63
conflicts             : 17229          (91774 /sec)
decisions             : 35610          (0.00 % random) (189685 /sec)
propagations          : 670552         (3571858 /sec)
conflict literals     : 178519         (33.55 % deleted)
Memory used           : 1.71 MB
CPU time              : 0.187732 s

UNSATISFIABLE
============================[ Problem Statistics ]=============================
|                                                                             |
|  Number of variables:          1409                                         |
|  Number of clauses:            3529                                         |
|  Parse time:                   0.00 s                                       |
|  Eliminated clauses:           0.03 Mb                                      |
|  Simplification time:          0.00 s                                       |
|                                                                             |
============================[ Search Statistics ]==============================
| Conflicts |          ORIGINAL         |          LEARNT          | Progress |
|           |    Vars  Clauses Literals |    Limit  Clauses Lit/Cl |          |
===============================================================================
|       100 |     339     1372     4277 |      503       97     13 | 21.718 % |
|       250 |     338     1372     4277 |      553      246     10 | 21.789 % |
|       475 |     338     1360     4237 |      608      458     10 | 21.789 % |
|       812 |     338     1360     4237 |      669      795     11 | 21.789 % |
|      1318 |     337     1356     4223 |      736      796      9 | 21.860 % |
|      2077 |     333     1344     4177 |      810      920     12 | 22.143 % |
|      3216 |     332     1334     4145 |      891      896     10 | 22.214 % |
|      4924 |     332     1334     4145 |      980      726      9 | 22.214 % |
|      7486 |     332     1334     4145 |     1078     1298     10 | 22.214 % |
|     11330 |     332     1334     4145 |     1186      832      9 | 22.214 % |
|     17096 |     332     1334     4145 |     1304     1222      7 | 22.215 % |
===============================================================================
restarts              : 69
conflicts             : 19958          (88228 /sec)
decisions             : 41529          (0.00 % random) (183587 /sec)
propagations          : 780638         (3450959 /sec)
conflict literals     : 212033         (32.36 % deleted)
Memory used           : 1.72 MB
CPU time              : 0.226209 s

UNSATISFIABLE
============================[ Problem Statistics ]=============================
|                                                                             |
|  Number of variables:          1553                                         |
|  Number of clauses:            3835                                         |
|  Parse time:                   0.00 s                                       |
|  Eliminated clauses:           0.03 Mb                                      |
|  Simplification time:          0.00 s                                       |
|                                                                             |
============================[ Search Statistics ]==============================
| Conflicts |          ORIGINAL         |          LEARNT          | Progress |
|           |    Vars  Clauses Literals |    Limit  Clauses Lit/Cl |          |
===============================================================================
|       100 |     340     1375     4298 |      504       98      9 | 26.336 % |
|       250 |     338     1375     4298 |      554      246     10 | 26.465 % |
|       475 |     337     1363     4258 |      610      461     10 | 26.529 % |
|       812 |     337     1359     4244 |      671      795     10 | 26.529 % |
|      1318 |     332     1345     4196 |      738      689     10 | 26.851 % |
|      2077 |     330     1333     4152 |      811      781      9 | 26.980 % |
|      3216 |     329     1327     4132 |      893     1130     12 | 27.045 % |
|      4924 |     327     1317     4098 |      982      806      9 | 27.173 % |
|      7486 |     327     1317     4098 |     1080     1216      8 | 27.174 % |
|     11330 |     327     1317     4098 |     1188     1204      9 | 27.173 % |
===============================================================================
restarts              : 61
conflicts             : 13808          (88021 /sec)
decisions             : 27059          (0.00 % random) (172491 /sec)
propagations          : 516947         (3295343 /sec)
conflict literals     : 144774         (27.68 % deleted)
Memory used           : 1.67 MB
CPU time              : 0.156872 s

UNSATISFIABLE
============================[ Problem Statistics ]=============================
|                                                                             |
|  Number of variables:          1681                                         |
|  Number of clauses:            4107                                         |
|  Parse time:                   0.00 s                                       |
|  Eliminated clauses:           0.03 Mb                                      |
|  Simplification time:          0.01 s                                       |
|                                                                             |
============================[ Search Statistics ]==============================
| Conflicts |          ORIGINAL         |          LEARNT          | Progress |
|           |    Vars  Clauses Literals |    Limit  Clauses Lit/Cl |          |
===============================================================================
|       100 |     340     1377     4327 |      504       98     20 | 28.376 % |
|       250 |     340     1377     4327 |      555      248     13 | 28.376 % |
|       475 |     340     1371     4307 |      610      469     12 | 28.376 % |
|       812 |     339     1367     4291 |      672      746     11 | 28.435 % |
|      1318 |     334     1359     4263 |      739      659     12 | 28.733 % |
|      2077 |     333     1343     4205 |      813      703      9 | 28.792 % |
|      3216 |     333     1343     4205 |      894     1162     10 | 28.792 % |
|      4924 |     333     1343     4205 |      983      729      8 | 28.792 % |
|      7486 |     332     1341     4199 |     1082     1005     11 | 28.852 % |
|     11330 |     330     1323     4147 |     1190     1389      9 | 28.971 % |
===============================================================================
restarts              : 63
conflicts             : 16205          (81317 /sec)
decisions             : 33251          (0.00 % random) (166853 /sec)
propagations          : 646270         (3242976 /sec)
conflict literals     : 183881         (28.93 % deleted)
Memory used           : 1.75 MB
CPU time              : 0.199283 s

UNSATISFIABLE
============================[ Problem Statistics ]=============================
|                                                                             |
|  Number of variables:          1793                                         |
|  Number of clauses:            4345                                         |
|  Parse time:                   0.00 s                                       |
|  Eliminated clauses:           0.03 Mb                                      |
|  Simplification time:          0.01 s                                       |
|                                                                             |
============================[ Search Statistics ]==============================
| Conflicts |          ORIGINAL         |          LEARNT          | Progress |
|           |    Vars  Clauses Literals |    Limit  Clauses Lit/Cl |          |
===============================================================================
|       100 |     339     1374     4320 |      503       98     17 | 31.010 % |
|       250 |     339     1374     4320 |      554      248     16 | 31.010 % |
|       475 |     337     1364     4286 |      609      464     13 | 31.121 % |
|       812 |     333     1350     4236 |      670      734     11 | 31.344 % |
|      1318 |     331     1342     4208 |      737     1229     11 | 31.456 % |
|      2077 |     328     1326     4154 |      811     1123     10 | 31.623 % |
|      3216 |     328     1326     4154 |      892      827      9 | 31.623 % |
|      4924 |     328     1326     4154 |      981     1049      7 | 31.623 % |
|      7486 |     319     1270     3980 |     1079      883      8 | 32.125 % |
===============================================================================
restarts              : 39
conflicts             : 9243           (85076 /sec)
decisions             : 18822          (0.00 % random) (173245 /sec)
propagations          : 344080         (3167041 /sec)
conflict literals     : 88955          (28.13 % deleted)
Memory used           : 1.49 MB
CPU time              : 0.108644 s

UNSATISFIABLE
============================[ Problem Statistics ]=============================
|                                                                             |
|  Number of variables:          1265                                         |
|  Number of clauses:            3509                                         |
|  Parse time:                   0.00 s                                       |
|  Eliminated clauses:           0.03 Mb                                      |
|  Simplification time:          0.00 s                                       |
|                                                                             |
============================[ Search Statistics ]==============================
| Conflicts |          ORIGINAL         |          LEARNT          | Progress |
|           |    Vars  Clauses Literals |    Limit  Clauses Lit/Cl |          |
===============================================================================
|       100 |     340     1376     4316 |      504       99     28 | 21.107 % |
|       250 |     340     1376     4316 |      554      249     22 | 21.107 % |
|       475 |     340     1372     4302 |      610      472     16 | 21.107 % |
|       812 |     337     1360     4260 |      671      796     14 | 21.344 % |
|      1318 |     335     1352     4230 |      738      768     13 | 21.502 % |
|      2077 |     333     1344     4200 |      812      949     12 | 21.660 % |
|      3216 |     333     1344     4200 |      893      937     12 | 21.660 % |
|      4924 |     333     1344     4200 |      983      792      8 | 21.661 % |
|      7486 |     333     1344     4200 |     1081      738      9 | 21.660 % |
|     11330 |     332     1342     4194 |     1189     1041     10 | 21.739 % |
|     17096 |     332     1342     4194 |     1308      782      7 | 21.742 % |
===============================================================================
restarts              : 78
conflicts             : 21697          (89693 /sec)
decisions             : 42859          (0.00 % random) (177174 /sec)
propagations          : 864384         (3573267 /sec)
conflict literals     : 246714         (29.91 % deleted)
Memory used           : 1.60 MB
CPU time              : 0.241903 s

UNSATISFIABLE
============================[ Problem Statistics ]=============================
|                                                                             |
|  Number of variables:          1437                                         |
|  Number of clauses:            3897                                         |
|  Parse time:                   0.00 s                                       |
|  Eliminated clauses:           0.03 Mb                                      |
|  Simplification time:          0.00 s                                       |
|                                                                             |
============================[ Search Statistics ]==============================
| Conflicts |          ORIGINAL         |          LEARNT          | Progress |
|           |    Vars  Clauses Literals |    Limit  Clauses Lit/Cl |          |
===============================================================================
|       100 |     340     1372     4326 |      503      100     26 | 26.722 % |
|       250 |     339     1372     4326 |      553      249     19 | 26.792 % |
|       475 |     338     1366     4306 |      608      469     14 | 26.862 % |
|       812 |     338     1366     4306 |      669      806     13 | 26.862 % |
|      1318 |     337     1362     4292 |      736      755     10 | 26.931 % |
|      2077 |     334     1356     4272 |      810      828     10 | 27.140 % |
|      3216 |     332     1346     4234 |      891     1146      9 | 27.279 % |
|      4924 |     331     1341     4217 |      980      881      8 | 27.349 % |
|      7486 |     324     1295     4081 |     1078     1035     10 | 27.836 % |
===============================================================================
restarts              : 36
conflicts             : 8614           (93087 /sec)
decisions             : 16757          (0.00 % random) (181084 /sec)
propagations          : 311565         (3366924 /sec)
conflict literals     : 89023          (24.37 % deleted)
Memory used           : 1.51 MB
CPU time              : 0.092537 s

UNSATISFIABLE
============================[ Problem Statistics ]=============================
|                                                                             |
|  Number of variables:          1617                                         |
|  Number of clauses:            4317                                         |
|  Parse time:                   0.00 s                                       |
|  Eliminated clauses:           0.03 Mb                                      |
|  Simplification time:          0.00 s                                       |
|                                                                             |
============================[ Search Statistics ]==============================
| Conflicts |          ORIGINAL         |          LEARNT          | Progress |
|           |    Vars  Clauses Literals |    Limit  Clauses Lit/Cl |          |
===============================================================================
|       100 |     342     1385     4355 |      507      100     26 | 31.169 % |
|       250 |     342     1385     4355 |      558      250     16 | 31.169 % |
|       475 |     340     1383     4349 |      614      435     16 | 31.293 % |
|       812 |     334     1371     4307 |      675      753     15 | 31.664 % |
|      1318 |     333     1353     4245 |      743      627     10 | 31.725 % |
|      2077 |     331     1347     4223 |      817      699      9 | 31.849 % |
|      3216 |     331     1347     4223 |      899     1159      9 | 31.849 % |
|      4924 |     331     1347     4223 |      989     1398      9 | 31.849 % |
|      7486 |     331     1347     4223 |     1088      817      8 | 31.849 % |
===============================================================================
restarts              : 45
conflicts             : 10088          (90371 /sec)
decisions             : 22479          (0.00 % random) (201372 /sec)
propagations          : 392928         (3519946 /sec)
conflict literals     : 102171         (27.65 % deleted)
Memory used           : 1.69 MB
CPU time              : 0.111629 s

UNSATISFIABLE
============================[ Problem Statistics ]=============================
|                                                                             |
|  Number of variables:          1783                                         |
|  Number of clauses:            4681                                         |
|  Parse time:                   0.00 s                                       |
|  Eliminated clauses:           0.03 Mb                                      |
|  Simplification time:          0.01 s                                       |
|                                                                             |
============================[ Search Statistics ]==============================
| Conflicts |          ORIGINAL         |          LEARNT          | Progress |
|           |    Vars  Clauses Literals |    Limit  Clauses Lit/Cl |          |
===============================================================================
|       100 |     341     1372     4315 |      503      100     22 | 32.698 % |
|       250 |     341     1372     4315 |      553      250     17 | 32.698 % |
|       475 |     338     1372     4315 |      608      472     16 | 32.866 % |
|       812 |     334     1348     4231 |      669      707     14 | 33.090 % |
|      1318 |     331     1340     4202 |      736     1010     13 | 33.259 % |
|      2077 |     331     1336     4188 |      810     1069      9 | 33.259 % |
|      3216 |     331     1336     4188 |      891      747      7 | 33.259 % |
|      4924 |     326     1295     4072 |      980      508      7 | 33.539 % |
|      7486 |     326     1295     4072 |     1078     1457      8 | 33.539 % |
===============================================================================
restarts              : 37
conflicts             : 8743           (94802 /sec)
decisions             : 18329          (0.00 % random) (198744 /sec)
propagations          : 337992         (3664903 /sec)
conflict literals     : 83840          (29.39 % deleted)
Memory used           : 1.63 MB
CPU time              : 0.092224 s

UNSATISFIABLE
============================[ Problem Statistics ]=============================
|                                                                             |
|  Number of variables:          1937                                         |
|  Number of clauses:            5027                                         |
|  Parse time:                   0.00 s                                       |
|  Eliminated clauses:           0.03 Mb                                      |
|  Simplification time:          0.01 s                                       |
|                                                                             |
============================[ Search Statistics ]==============================
| Conflicts |          ORIGINAL         |          LEARNT          | Progress |
|           |    Vars  Clauses Literals |    Limit  Clauses Lit/Cl |          |
===============================================================================
|       100 |     340     1377     4351 |      504      100     26 | 36.035 % |
|       250 |     340     1377     4351 |      555      250     19 | 36.035 % |
|       475 |     337     1375     4345 |      610      470     13 | 36.190 % |
|       812 |     333     1361     4295 |      672      732     13 | 36.397 % |
|      1318 |     332     1349     4251 |      739     1136     12 | 36.449 % |
|      2077 |     332     1349     4251 |      813     1135     11 | 36.448 % |
|      3216 |     332     1349     4251 |      894     1478     11 | 36.448 % |
|      4924 |     332     1349     4251 |      983     1530     10 | 36.448 % |
|      7486 |     332     1349     4251 |     1082     1456      9 | 36.448 % |
|     11330 |     332     1349     4251 |     1190     1602      9 | 36.448 % |
===============================================================================
restarts              : 63
conflicts             : 16440          (84575 /sec)
decisions             : 32674          (0.00 % random) (168090 /sec)
propagations          : 643748         (3311733 /sec)
conflict literals     : 175349         (30.86 % deleted)
Memory used           : 1.89 MB
CPU time              : 0.194384 s

UNSATISFIABLE
============================[ Problem Statistics ]=============================
|                                                                             |
|  Number of variables:          2073                                         |
|  Number of clauses:            5331                                         |
|  Parse time:                   0.00 s                                       |
|  Eliminated clauses:           0.04 Mb                                      |
|  Simplification time:          0.01 s                                       |
|                                                                             |
============================[ Search Statistics ]==============================
| Conflicts |          ORIGINAL         |          LEARNT          | Progress |
|           |    Vars  Clauses Literals |    Limit  Clauses Lit/Cl |          |
===============================================================================
|       100 |     338     1381     4362 |      506       99     25 | 38.061 % |
|       250 |     338     1381     4362 |      557      249     17 | 38.061 % |
|       475 |     336     1373     4334 |      612      466     15 | 38.157 % |
|       812 |     332     1355     4272 |      673      785     14 | 38.350 % |
|      1318 |     330     1349     4250 |      741     1173     13 | 38.447 % |
|      2077 |     330     1349     4250 |      815     1150     11 | 38.447 % |
|      3216 |     329     1345     4236 |      897     1267     10 | 38.495 % |
|      4924 |     329     1345     4236 |      986     1262     10 | 38.495 % |
|      7486 |     329     1345     4236 |     1085     1088      8 | 38.495 % |
|     11330 |     329     1345     4236 |     1193     1099      8 | 38.495 % |
===============================================================================
restarts              : 54
conflicts             : 12471          (76747 /sec)
decisions             : 26379          (0.00 % random) (162338 /sec)
propagations          : 493820         (3039005 /sec)
conflict literals     : 130978         (29.96 % deleted)
Memory used           : 1.86 MB
CPU time              : 0.162494 s

UNSATISFIABLE
============================[ Problem Statistics ]=============================
|                                                                             |
|  Number of variables:          2197                                         |
|  Number of clauses:            5617                                         |
|  Parse time:                   0.00 s                                       |
|  Eliminated clauses:           0.04 Mb                                      |
|  Simplification time:          0.01 s                                       |
|                                                                             |
============================[ Search Statistics ]==============================
| Conflicts |          ORIGINAL         |          LEARNT          | Progress |
|           |    Vars  Clauses Literals |    Limit  Clauses Lit/Cl |          |
===============================================================================
|       100 |     340     1385     4349 |      507       99     21 | 38.507 % |
|       250 |     340     1385     4349 |      558      249     15 | 38.507 % |
|       475 |     339     1377     4321 |      614      467     15 | 38.553 % |
|       812 |     339     1377     4321 |      675      804     12 | 38.553 % |
|      1318 |     332     1351     4233 |      743     1106     13 | 38.871 % |
|      2077 |     327     1332     4166 |      817      970     10 | 39.099 % |
|      3216 |     327     1332     4166 |      899     1249      9 | 39.099 % |
|      4924 |     327     1332     4166 |      989     1159      9 | 39.099 % |
|      7486 |     327     1332     4166 |     1088     1849      8 | 39.099 % |
===============================================================================
restarts              : 36
conflicts             : 8538           (73675 /sec)
decisions             : 17490          (0.00 % random) (150923 /sec)
propagations          : 313529         (2705472 /sec)
conflict literals     : 84685          (28.90 % deleted)
Memory used           : 2.09 MB
CPU time              : 0.115887 s

UNSATISFIABLE
============================[ Problem Statistics ]=============================
|                                                                             |
|  Number of variables:           416                                         |
|  Number of clauses:            1169                                         |
|  Parse time:                   0.00 s                                       |
|  Eliminated clauses:           0.01 Mb                                      |
|  Simplification time:          0.00 s                                       |
|                                                                             |
============================[ Search Statistics ]==============================
| Conflicts |          ORIGINAL         |          LEARNT          | Progress |
|           |    Vars  Clauses Literals |    Limit  Clauses Lit/Cl |          |
===============================================================================
|       100 |     191      801     2593 |      293      100     11 |  2.165 % |
|       250 |     191      801     2593 |      323      250      9 |  2.164 % |
|       475 |     191      801     2593 |      355      275      8 |  2.194 % |
===============================================================================
restarts              : 6
conflicts             : 681            (81372 /sec)
decisions             : 1733           (0.00 % random) (207074 /sec)
propagations          : 21770          (2601267 /sec)
conflict literals     : 5534           (27.78 % deleted)
Memory used           : 0.48 MB
CPU time              : 0.008369 s

UNSATISFIABLE
============================[ Problem Statistics ]=============================
|                                                                             |
|  Number of variables:           418                                         |
|  Number of clauses:            1173                                         |
|  Parse time:                   0.00 s                                       |
|  Eliminated clauses:           0.01 Mb                                      |
|  Simplification time:          0.00 s                                       |
|                                                                             |
============================[ Search Statistics ]==============================
| Conflicts |          ORIGINAL         |          LEARNT          | Progress |
|           |    Vars  Clauses Literals |    Limit  Clauses Lit/Cl |          |
===============================================================================
|       100 |     193      801     2544 |      293      100      9 |  2.398 % |
|       250 |     193      801     2544 |      323      250      9 |  2.394 % |
|       475 |     193      801     2544 |      355      291      7 |  2.422 % |
===============================================================================
restarts              : 6
conflicts             : 722            (89512 /sec)
decisions             : 2092           (0.00 % random) (259360 /sec)
propagations          : 22360          (2772130 /sec)
conflict literals     : 5152           (26.41 % deleted)
Memory used           : 0.49 MB
CPU time              : 0.008066 s

UNSATISFIABLE
============================[ Problem Statistics ]=============================
|                                                                             |
|  Number of variables:           418                                         |
|  Number of clauses:            1173                                         |
|  Parse time:                   0.00 s                                       |
|  Eliminated clauses:           0.01 Mb                                      |
|  Simplification time:          0.00 s                                       |
|                                                                             |
============================[ Search Statistics ]==============================
| Conflicts |          ORIGINAL         |          LEARNT          | Progress |
|           |    Vars  Clauses Literals |    Limit  Clauses Lit/Cl |          |
===============================================================================
|       100 |     195      802     2558 |      294      100      9 |  2.393 % |
|       250 |     195      802     2558 |      323      250      9 |  2.394 % |
|       475 |     179      703     2273 |      355      246      7 |  6.255 % |
===============================================================================
restarts              : 5
conflicts             : 587            (78560 /sec)
decisions             : 1818           (0.00 % random) (243308 /sec)
propagations          : 19794          (2649090 /sec)
conflict literals     : 4323           (25.47 % deleted)
Memory used           : 0.52 MB
CPU time              : 0.007472 s

UNSATISFIABLE
============================[ Problem Statistics ]=============================
|                                                                             |
|  Number of variables:           418                                         |
|  Number of clauses:            1173                                         |
|  Parse time:                   0.00 s                                       |
|  Eliminated clauses:           0.01 Mb                                      |
|  Simplification time:          0.00 s                                       |
|                                                                             |
============================[ Search Statistics ]==============================
| Conflicts |          ORIGINAL         |          LEARNT          | Progress |
|           |    Vars  Clauses Literals |    Limit  Clauses Lit/Cl |          |
===============================================================================
|       100 |     195      802     2558 |      294      100      9 |  2.393 % |
|       250 |     195      802     2558 |      323      250      9 |  2.394 % |
|       475 |     179      703     2273 |      355      246      7 |  6.255 % |
===============================================================================
restarts              : 5
conflicts             : 587            (76612 /sec)
decisions             : 1818           (0.00 % random) (237275 /sec)
propagations          : 19794          (2583399 /sec)
conflict literals     : 4323           (25.47 % deleted)
Memory used           : 0.37 MB
CPU time              : 0.007662 s

UNSATISFIABLE
